  [1m[35m (14.4ms)[0m  [1m[35mCREATE TABLE "schema_migrations" ("version" varchar NOT NULL PRIMARY KEY)[0m
  [1m[35m (13.0ms)[0m  [1m[35mCREATE TABLE "ar_internal_metadata" ("key" varchar NOT NULL PRIMARY KEY, "value" varchar, "created_at" datetime NOT NULL, "updated_at" datetime NOT NULL)[0m
  [1m[36mActiveRecord::SchemaMigration Load (0.3ms)[0m  [1m[34mSELECT "schema_migrations".* FROM "schema_migrations"[0m
Migrating to CreatePolts (20170621160146)
  [1m[35m (0.1ms)[0m  [1m[36mbegin transaction[0m
  [1m[35m (0.5ms)[0m  [1m[35mCREATE TABLE "polts" ("id" INTEGER PRIMARY KEY AUTOINCREMENT NOT NULL, "title" varchar, "body" text, "created_at" datetime NOT NULL, "updated_at" datetime NOT NULL)[0m
  [1m[35mSQL (0.1ms)[0m  [1m[32mINSERT INTO "schema_migrations" ("version") VALUES (?)[0m  [["version", "20170621160146"]]
  [1m[35m (11.4ms)[0m  [1m[36mcommit transaction[0m
  [1m[36mActiveRecord::InternalMetadata Load (0.2ms)[0m  [1m[34mSELECT  "ar_internal_metadata".* FROM "ar_internal_metadata" WHERE "ar_internal_metadata"."key" = ? LIMIT ?[0m  [["key", "environment"], ["LIMIT", 1]]
  [1m[35m (0.1ms)[0m  [1m[36mbegin transaction[0m
  [1m[35mSQL (0.2ms)[0m  [1m[32mINSERT INTO "ar_internal_metadata" ("key", "value", "created_at", "updated_at") VALUES (?, ?, ?, ?)[0m  [["key", "environment"], ["value", "development"], ["created_at", "2017-06-21 16:02:00.271992"], ["updated_at", "2017-06-21 16:02:00.271992"]]
  [1m[35m (11.7ms)[0m  [1m[36mcommit transaction[0m
  [1m[36mActiveRecord::SchemaMigration Load (0.2ms)[0m  [1m[34mSELECT "schema_migrations".* FROM "schema_migrations"[0m
Started GET "/" for 205.118.122.183 at 2017-06-21 16:02:56 +0000
Cannot render console from 205.118.122.183! Allowed networks: 127.0.0.1, ::1, 127.0.0.0/127.255.255.255
  [1m[36mActiveRecord::SchemaMigration Load (0.1ms)[0m  [1m[34mSELECT "schema_migrations".* FROM "schema_migrations"[0m
Processing by Rails::WelcomeController#index as HTML
  Parameters: {"internal"=>true}
  Rendering /usr/local/rvm/gems/ruby-2.4.0/gems/railties-5.0.4/lib/rails/templates/rails/welcome/index.html.erb
  Rendered /usr/local/rvm/gems/ruby-2.4.0/gems/railties-5.0.4/lib/rails/templates/rails/welcome/index.html.erb (2.7ms)
Completed 200 OK in 16ms (Views: 7.0ms | ActiveRecord: 0.0ms)


Started GET "/" for 205.118.122.183 at 2017-06-21 16:02:58 +0000
Cannot render console from 205.118.122.183! Allowed networks: 127.0.0.1, ::1, 127.0.0.0/127.255.255.255
Processing by Rails::WelcomeController#index as HTML
  Parameters: {"internal"=>true}
  Rendering /usr/local/rvm/gems/ruby-2.4.0/gems/railties-5.0.4/lib/rails/templates/rails/welcome/index.html.erb
  Rendered /usr/local/rvm/gems/ruby-2.4.0/gems/railties-5.0.4/lib/rails/templates/rails/welcome/index.html.erb (1.9ms)
Completed 200 OK in 4ms (Views: 2.9ms | ActiveRecord: 0.0ms)


Started GET "/posts" for 205.118.122.183 at 2017-06-21 16:03:18 +0000
Cannot render console from 205.118.122.183! Allowed networks: 127.0.0.1, ::1, 127.0.0.0/127.255.255.255
  
ActionController::RoutingError (No route matches [GET] "/posts"):
  
actionpack (5.0.4) lib/action_dispatch/middleware/debug_exceptions.rb:53:in `call'
web-console (3.5.1) lib/web_console/middleware.rb:135:in `call_app'
web-console (3.5.1) lib/web_console/middleware.rb:20:in `block in call'
web-console (3.5.1) lib/web_console/middleware.rb:18:in `catch'
web-console (3.5.1) lib/web_console/middleware.rb:18:in `call'
actionpack (5.0.4) lib/action_dispatch/middleware/show_exceptions.rb:31:in `call'
railties (5.0.4) lib/rails/rack/logger.rb:36:in `call_app'
railties (5.0.4) lib/rails/rack/logger.rb:24:in `block in call'
activesupport (5.0.4) lib/active_support/tagged_logging.rb:69:in `block in tagged'
activesupport (5.0.4) lib/active_support/tagged_logging.rb:26:in `tagged'
activesupport (5.0.4) lib/active_support/tagged_logging.rb:69:in `tagged'
railties (5.0.4) lib/rails/rack/logger.rb:24:in `call'
sprockets-rails (3.2.0) lib/sprockets/rails/quiet_assets.rb:13:in `call'
actionpack (5.0.4) lib/action_dispatch/middleware/request_id.rb:24:in `call'
rack (2.0.3) lib/rack/method_override.rb:22:in `call'
rack (2.0.3) lib/rack/runtime.rb:22:in `call'
activesupport (5.0.4) lib/active_support/cache/strategy/local_cache_middleware.rb:28:in `call'
actionpack (5.0.4) lib/action_dispatch/middleware/executor.rb:12:in `call'
actionpack (5.0.4) lib/action_dispatch/middleware/static.rb:136:in `call'
rack (2.0.3) lib/rack/sendfile.rb:111:in `call'
railties (5.0.4) lib/rails/engine.rb:522:in `call'
puma (3.9.1) lib/puma/configuration.rb:224:in `call'
puma (3.9.1) lib/puma/server.rb:602:in `handle_request'
puma (3.9.1) lib/puma/server.rb:435:in `process_client'
puma (3.9.1) lib/puma/server.rb:299:in `block in run'
puma (3.9.1) lib/puma/thread_pool.rb:120:in `block in spawn_thread'
  Rendering /usr/local/rvm/gems/ruby-2.4.0/gems/actionpack-5.0.4/lib/action_dispatch/middleware/templates/rescues/routing_error.html.erb within rescues/layout
  Rendering /usr/local/rvm/gems/ruby-2.4.0/gems/actionpack-5.0.4/lib/action_dispatch/middleware/templates/rescues/_trace.html.erb
  Rendered /usr/local/rvm/gems/ruby-2.4.0/gems/actionpack-5.0.4/lib/action_dispatch/middleware/templates/rescues/_trace.html.erb (1.2ms)
  Rendered collection of /usr/local/rvm/gems/ruby-2.4.0/gems/actionpack-5.0.4/lib/action_dispatch/middleware/templates/routes/_route.html.erb [8 times] (30.1ms)
  Rendered /usr/local/rvm/gems/ruby-2.4.0/gems/actionpack-5.0.4/lib/action_dispatch/middleware/templates/routes/_table.html.erb (29.0ms)
  Rendering /usr/local/rvm/gems/ruby-2.4.0/gems/actionpack-5.0.4/lib/action_dispatch/middleware/templates/rescues/_request_and_response.html.erb
  Rendered /usr/local/rvm/gems/ruby-2.4.0/gems/actionpack-5.0.4/lib/action_dispatch/middleware/templates/rescues/_request_and_response.html.erb (1.1ms)
  Rendered /usr/local/rvm/gems/ruby-2.4.0/gems/actionpack-5.0.4/lib/action_dispatch/middleware/templates/rescues/routing_error.html.erb within rescues/layout (97.0ms)
Started GET "/" for 205.118.122.183 at 2017-06-21 16:03:35 +0000
Cannot render console from 205.118.122.183! Allowed networks: 127.0.0.1, ::1, 127.0.0.0/127.255.255.255
Processing by Rails::WelcomeController#index as HTML
  Parameters: {"internal"=>true}
  Rendering /usr/local/rvm/gems/ruby-2.4.0/gems/railties-5.0.4/lib/rails/templates/rails/welcome/index.html.erb
  Rendered /usr/local/rvm/gems/ruby-2.4.0/gems/railties-5.0.4/lib/rails/templates/rails/welcome/index.html.erb (1.8ms)
Completed 200 OK in 4ms (Views: 2.9ms | ActiveRecord: 0.0ms)


Started GET "/Post" for 205.118.122.183 at 2017-06-21 16:03:41 +0000
Cannot render console from 205.118.122.183! Allowed networks: 127.0.0.1, ::1, 127.0.0.0/127.255.255.255
  
ActionController::RoutingError (No route matches [GET] "/Post"):
  
actionpack (5.0.4) lib/action_dispatch/middleware/debug_exceptions.rb:53:in `call'
web-console (3.5.1) lib/web_console/middleware.rb:135:in `call_app'
web-console (3.5.1) lib/web_console/middleware.rb:20:in `block in call'
web-console (3.5.1) lib/web_console/middleware.rb:18:in `catch'
web-console (3.5.1) lib/web_console/middleware.rb:18:in `call'
actionpack (5.0.4) lib/action_dispatch/middleware/show_exceptions.rb:31:in `call'
railties (5.0.4) lib/rails/rack/logger.rb:36:in `call_app'
railties (5.0.4) lib/rails/rack/logger.rb:24:in `block in call'
activesupport (5.0.4) lib/active_support/tagged_logging.rb:69:in `block in tagged'
activesupport (5.0.4) lib/active_support/tagged_logging.rb:26:in `tagged'
activesupport (5.0.4) lib/active_support/tagged_logging.rb:69:in `tagged'
railties (5.0.4) lib/rails/rack/logger.rb:24:in `call'
sprockets-rails (3.2.0) lib/sprockets/rails/quiet_assets.rb:13:in `call'
actionpack (5.0.4) lib/action_dispatch/middleware/request_id.rb:24:in `call'
rack (2.0.3) lib/rack/method_override.rb:22:in `call'
rack (2.0.3) lib/rack/runtime.rb:22:in `call'
activesupport (5.0.4) lib/active_support/cache/strategy/local_cache_middleware.rb:28:in `call'
actionpack (5.0.4) lib/action_dispatch/middleware/executor.rb:12:in `call'
actionpack (5.0.4) lib/action_dispatch/middleware/static.rb:136:in `call'
rack (2.0.3) lib/rack/sendfile.rb:111:in `call'
railties (5.0.4) lib/rails/engine.rb:522:in `call'
puma (3.9.1) lib/puma/configuration.rb:224:in `call'
puma (3.9.1) lib/puma/server.rb:602:in `handle_request'
puma (3.9.1) lib/puma/server.rb:435:in `process_client'
puma (3.9.1) lib/puma/server.rb:299:in `block in run'
puma (3.9.1) lib/puma/thread_pool.rb:120:in `block in spawn_thread'
  Rendering /usr/local/rvm/gems/ruby-2.4.0/gems/actionpack-5.0.4/lib/action_dispatch/middleware/templates/rescues/routing_error.html.erb within rescues/layout
  Rendering /usr/local/rvm/gems/ruby-2.4.0/gems/actionpack-5.0.4/lib/action_dispatch/middleware/templates/rescues/_trace.html.erb
  Rendered /usr/local/rvm/gems/ruby-2.4.0/gems/actionpack-5.0.4/lib/action_dispatch/middleware/templates/rescues/_trace.html.erb (1.0ms)
  Rendered collection of /usr/local/rvm/gems/ruby-2.4.0/gems/actionpack-5.0.4/lib/action_dispatch/middleware/templates/routes/_route.html.erb [8 times] (3.1ms)
  Rendered /usr/local/rvm/gems/ruby-2.4.0/gems/actionpack-5.0.4/lib/action_dispatch/middleware/templates/routes/_table.html.erb (1.0ms)
  Rendering /usr/local/rvm/gems/ruby-2.4.0/gems/actionpack-5.0.4/lib/action_dispatch/middleware/templates/rescues/_request_and_response.html.erb
  Rendered /usr/local/rvm/gems/ruby-2.4.0/gems/actionpack-5.0.4/lib/action_dispatch/middleware/templates/rescues/_request_and_response.html.erb (0.9ms)
  Rendered /usr/local/rvm/gems/ruby-2.4.0/gems/actionpack-5.0.4/lib/action_dispatch/middleware/templates/rescues/routing_error.html.erb within rescues/layout (30.4ms)
Started GET "/Posts" for 205.118.122.183 at 2017-06-21 16:03:47 +0000
Cannot render console from 205.118.122.183! Allowed networks: 127.0.0.1, ::1, 127.0.0.0/127.255.255.255
  
ActionController::RoutingError (No route matches [GET] "/Posts"):
  
actionpack (5.0.4) lib/action_dispatch/middleware/debug_exceptions.rb:53:in `call'
web-console (3.5.1) lib/web_console/middleware.rb:135:in `call_app'
web-console (3.5.1) lib/web_console/middleware.rb:20:in `block in call'
web-console (3.5.1) lib/web_console/middleware.rb:18:in `catch'
web-console (3.5.1) lib/web_console/middleware.rb:18:in `call'
actionpack (5.0.4) lib/action_dispatch/middleware/show_exceptions.rb:31:in `call'
railties (5.0.4) lib/rails/rack/logger.rb:36:in `call_app'
railties (5.0.4) lib/rails/rack/logger.rb:24:in `block in call'
activesupport (5.0.4) lib/active_support/tagged_logging.rb:69:in `block in tagged'
activesupport (5.0.4) lib/active_support/tagged_logging.rb:26:in `tagged'
activesupport (5.0.4) lib/active_support/tagged_logging.rb:69:in `tagged'
railties (5.0.4) lib/rails/rack/logger.rb:24:in `call'
sprockets-rails (3.2.0) lib/sprockets/rails/quiet_assets.rb:13:in `call'
actionpack (5.0.4) lib/action_dispatch/middleware/request_id.rb:24:in `call'
rack (2.0.3) lib/rack/method_override.rb:22:in `call'
rack (2.0.3) lib/rack/runtime.rb:22:in `call'
activesupport (5.0.4) lib/active_support/cache/strategy/local_cache_middleware.rb:28:in `call'
actionpack (5.0.4) lib/action_dispatch/middleware/executor.rb:12:in `call'
actionpack (5.0.4) lib/action_dispatch/middleware/static.rb:136:in `call'
rack (2.0.3) lib/rack/sendfile.rb:111:in `call'
railties (5.0.4) lib/rails/engine.rb:522:in `call'
puma (3.9.1) lib/puma/configuration.rb:224:in `call'
puma (3.9.1) lib/puma/server.rb:602:in `handle_request'
puma (3.9.1) lib/puma/server.rb:435:in `process_client'
puma (3.9.1) lib/puma/server.rb:299:in `block in run'
puma (3.9.1) lib/puma/thread_pool.rb:120:in `block in spawn_thread'
  Rendering /usr/local/rvm/gems/ruby-2.4.0/gems/actionpack-5.0.4/lib/action_dispatch/middleware/templates/rescues/routing_error.html.erb within rescues/layout
  Rendering /usr/local/rvm/gems/ruby-2.4.0/gems/actionpack-5.0.4/lib/action_dispatch/middleware/templates/rescues/_trace.html.erb
  Rendered /usr/local/rvm/gems/ruby-2.4.0/gems/actionpack-5.0.4/lib/action_dispatch/middleware/templates/rescues/_trace.html.erb (1.1ms)
  Rendered collection of /usr/local/rvm/gems/ruby-2.4.0/gems/actionpack-5.0.4/lib/action_dispatch/middleware/templates/routes/_route.html.erb [8 times] (2.7ms)
  Rendered /usr/local/rvm/gems/ruby-2.4.0/gems/actionpack-5.0.4/lib/action_dispatch/middleware/templates/routes/_table.html.erb (1.1ms)
  Rendering /usr/local/rvm/gems/ruby-2.4.0/gems/actionpack-5.0.4/lib/action_dispatch/middleware/templates/rescues/_request_and_response.html.erb
  Rendered /usr/local/rvm/gems/ruby-2.4.0/gems/actionpack-5.0.4/lib/action_dispatch/middleware/templates/rescues/_request_and_response.html.erb (0.9ms)
  Rendered /usr/local/rvm/gems/ruby-2.4.0/gems/actionpack-5.0.4/lib/action_dispatch/middleware/templates/rescues/routing_error.html.erb within rescues/layout (29.6ms)
Started GET "/" for 205.118.122.183 at 2017-06-21 16:04:19 +0000
Cannot render console from 205.118.122.183! Allowed networks: 127.0.0.1, ::1, 127.0.0.0/127.255.255.255
Processing by Rails::WelcomeController#index as HTML
  Parameters: {"internal"=>true}
  Rendering /usr/local/rvm/gems/ruby-2.4.0/gems/railties-5.0.4/lib/rails/templates/rails/welcome/index.html.erb
  Rendered /usr/local/rvm/gems/ruby-2.4.0/gems/railties-5.0.4/lib/rails/templates/rails/welcome/index.html.erb (1.8ms)
Completed 200 OK in 4ms (Views: 3.1ms | ActiveRecord: 0.0ms)


Started GET "/" for 205.118.122.183 at 2017-06-21 16:04:21 +0000
Cannot render console from 205.118.122.183! Allowed networks: 127.0.0.1, ::1, 127.0.0.0/127.255.255.255
Processing by Rails::WelcomeController#index as HTML
  Parameters: {"internal"=>true}
  Rendering /usr/local/rvm/gems/ruby-2.4.0/gems/railties-5.0.4/lib/rails/templates/rails/welcome/index.html.erb
  Rendered /usr/local/rvm/gems/ruby-2.4.0/gems/railties-5.0.4/lib/rails/templates/rails/welcome/index.html.erb (1.8ms)
Completed 200 OK in 4ms (Views: 2.8ms | ActiveRecord: 0.0ms)


Started GET "/Polt" for 205.118.122.183 at 2017-06-21 16:05:13 +0000
Cannot render console from 205.118.122.183! Allowed networks: 127.0.0.1, ::1, 127.0.0.0/127.255.255.255
  
ActionController::RoutingError (No route matches [GET] "/Polt"):
  
actionpack (5.0.4) lib/action_dispatch/middleware/debug_exceptions.rb:53:in `call'
web-console (3.5.1) lib/web_console/middleware.rb:135:in `call_app'
web-console (3.5.1) lib/web_console/middleware.rb:20:in `block in call'
web-console (3.5.1) lib/web_console/middleware.rb:18:in `catch'
web-console (3.5.1) lib/web_console/middleware.rb:18:in `call'
actionpack (5.0.4) lib/action_dispatch/middleware/show_exceptions.rb:31:in `call'
railties (5.0.4) lib/rails/rack/logger.rb:36:in `call_app'
railties (5.0.4) lib/rails/rack/logger.rb:24:in `block in call'
activesupport (5.0.4) lib/active_support/tagged_logging.rb:69:in `block in tagged'
activesupport (5.0.4) lib/active_support/tagged_logging.rb:26:in `tagged'
activesupport (5.0.4) lib/active_support/tagged_logging.rb:69:in `tagged'
railties (5.0.4) lib/rails/rack/logger.rb:24:in `call'
sprockets-rails (3.2.0) lib/sprockets/rails/quiet_assets.rb:13:in `call'
actionpack (5.0.4) lib/action_dispatch/middleware/request_id.rb:24:in `call'
rack (2.0.3) lib/rack/method_override.rb:22:in `call'
rack (2.0.3) lib/rack/runtime.rb:22:in `call'
activesupport (5.0.4) lib/active_support/cache/strategy/local_cache_middleware.rb:28:in `call'
actionpack (5.0.4) lib/action_dispatch/middleware/executor.rb:12:in `call'
actionpack (5.0.4) lib/action_dispatch/middleware/static.rb:136:in `call'
rack (2.0.3) lib/rack/sendfile.rb:111:in `call'
railties (5.0.4) lib/rails/engine.rb:522:in `call'
puma (3.9.1) lib/puma/configuration.rb:224:in `call'
puma (3.9.1) lib/puma/server.rb:602:in `handle_request'
puma (3.9.1) lib/puma/server.rb:435:in `process_client'
puma (3.9.1) lib/puma/server.rb:299:in `block in run'
puma (3.9.1) lib/puma/thread_pool.rb:120:in `block in spawn_thread'
  Rendering /usr/local/rvm/gems/ruby-2.4.0/gems/actionpack-5.0.4/lib/action_dispatch/middleware/templates/rescues/routing_error.html.erb within rescues/layout
  Rendering /usr/local/rvm/gems/ruby-2.4.0/gems/actionpack-5.0.4/lib/action_dispatch/middleware/templates/rescues/_trace.html.erb
  Rendered /usr/local/rvm/gems/ruby-2.4.0/gems/actionpack-5.0.4/lib/action_dispatch/middleware/templates/rescues/_trace.html.erb (1.4ms)
  Rendered collection of /usr/local/rvm/gems/ruby-2.4.0/gems/actionpack-5.0.4/lib/action_dispatch/middleware/templates/routes/_route.html.erb [8 times] (3.5ms)
  Rendered /usr/local/rvm/gems/ruby-2.4.0/gems/actionpack-5.0.4/lib/action_dispatch/middleware/templates/routes/_table.html.erb (1.4ms)
  Rendering /usr/local/rvm/gems/ruby-2.4.0/gems/actionpack-5.0.4/lib/action_dispatch/middleware/templates/rescues/_request_and_response.html.erb
  Rendered /usr/local/rvm/gems/ruby-2.4.0/gems/actionpack-5.0.4/lib/action_dispatch/middleware/templates/rescues/_request_and_response.html.erb (1.1ms)
  Rendered /usr/local/rvm/gems/ruby-2.4.0/gems/actionpack-5.0.4/lib/action_dispatch/middleware/templates/rescues/routing_error.html.erb within rescues/layout (36.4ms)
Started GET "/Polts" for 205.118.122.183 at 2017-06-21 16:05:29 +0000
Cannot render console from 205.118.122.183! Allowed networks: 127.0.0.1, ::1, 127.0.0.0/127.255.255.255
  
ActionController::RoutingError (No route matches [GET] "/Polts"):
  
actionpack (5.0.4) lib/action_dispatch/middleware/debug_exceptions.rb:53:in `call'
web-console (3.5.1) lib/web_console/middleware.rb:135:in `call_app'
web-console (3.5.1) lib/web_console/middleware.rb:20:in `block in call'
web-console (3.5.1) lib/web_console/middleware.rb:18:in `catch'
web-console (3.5.1) lib/web_console/middleware.rb:18:in `call'
actionpack (5.0.4) lib/action_dispatch/middleware/show_exceptions.rb:31:in `call'
railties (5.0.4) lib/rails/rack/logger.rb:36:in `call_app'
railties (5.0.4) lib/rails/rack/logger.rb:24:in `block in call'
activesupport (5.0.4) lib/active_support/tagged_logging.rb:69:in `block in tagged'
activesupport (5.0.4) lib/active_support/tagged_logging.rb:26:in `tagged'
activesupport (5.0.4) lib/active_support/tagged_logging.rb:69:in `tagged'
railties (5.0.4) lib/rails/rack/logger.rb:24:in `call'
sprockets-rails (3.2.0) lib/sprockets/rails/quiet_assets.rb:13:in `call'
actionpack (5.0.4) lib/action_dispatch/middleware/request_id.rb:24:in `call'
rack (2.0.3) lib/rack/method_override.rb:22:in `call'
rack (2.0.3) lib/rack/runtime.rb:22:in `call'
activesupport (5.0.4) lib/active_support/cache/strategy/local_cache_middleware.rb:28:in `call'
actionpack (5.0.4) lib/action_dispatch/middleware/executor.rb:12:in `call'
actionpack (5.0.4) lib/action_dispatch/middleware/static.rb:136:in `call'
rack (2.0.3) lib/rack/sendfile.rb:111:in `call'
railties (5.0.4) lib/rails/engine.rb:522:in `call'
puma (3.9.1) lib/puma/configuration.rb:224:in `call'
puma (3.9.1) lib/puma/server.rb:602:in `handle_request'
puma (3.9.1) lib/puma/server.rb:435:in `process_client'
puma (3.9.1) lib/puma/server.rb:299:in `block in run'
puma (3.9.1) lib/puma/thread_pool.rb:120:in `block in spawn_thread'
  Rendering /usr/local/rvm/gems/ruby-2.4.0/gems/actionpack-5.0.4/lib/action_dispatch/middleware/templates/rescues/routing_error.html.erb within rescues/layout
  Rendering /usr/local/rvm/gems/ruby-2.4.0/gems/actionpack-5.0.4/lib/action_dispatch/middleware/templates/rescues/_trace.html.erb
  Rendered /usr/local/rvm/gems/ruby-2.4.0/gems/actionpack-5.0.4/lib/action_dispatch/middleware/templates/rescues/_trace.html.erb (1.8ms)
  Rendered collection of /usr/local/rvm/gems/ruby-2.4.0/gems/actionpack-5.0.4/lib/action_dispatch/middleware/templates/routes/_route.html.erb [8 times] (5.3ms)
  Rendered /usr/local/rvm/gems/ruby-2.4.0/gems/actionpack-5.0.4/lib/action_dispatch/middleware/templates/routes/_table.html.erb (1.1ms)
  Rendering /usr/local/rvm/gems/ruby-2.4.0/gems/actionpack-5.0.4/lib/action_dispatch/middleware/templates/rescues/_request_and_response.html.erb
  Rendered /usr/local/rvm/gems/ruby-2.4.0/gems/actionpack-5.0.4/lib/action_dispatch/middleware/templates/rescues/_request_and_response.html.erb (1.3ms)
  Rendered /usr/local/rvm/gems/ruby-2.4.0/gems/actionpack-5.0.4/lib/action_dispatch/middleware/templates/rescues/routing_error.html.erb within rescues/layout (43.4ms)
Started GET "/" for 205.118.122.183 at 2017-06-21 16:06:55 +0000
Cannot render console from 205.118.122.183! Allowed networks: 127.0.0.1, ::1, 127.0.0.0/127.255.255.255
  [1m[36mActiveRecord::SchemaMigration Load (0.4ms)[0m  [1m[34mSELECT "schema_migrations".* FROM "schema_migrations"[0m
  
ActiveRecord::PendingMigrationError (

Migrations are pending. To resolve this issue, run:

        bin/rails db:migrate RAILS_ENV=development

):
  
activerecord (5.0.4) lib/active_record/migration.rb:573:in `check_pending!'
activerecord (5.0.4) lib/active_record/migration.rb:549:in `call'
actionpack (5.0.4) lib/action_dispatch/middleware/callbacks.rb:38:in `block in call'
activesupport (5.0.4) lib/active_support/callbacks.rb:97:in `__run_callbacks__'
activesupport (5.0.4) lib/active_support/callbacks.rb:750:in `_run_call_callbacks'
activesupport (5.0.4) lib/active_support/callbacks.rb:90:in `run_callbacks'
actionpack (5.0.4) lib/action_dispatch/middleware/callbacks.rb:36:in `call'
actionpack (5.0.4) lib/action_dispatch/middleware/executor.rb:12:in `call'
actionpack (5.0.4) lib/action_dispatch/middleware/remote_ip.rb:79:in `call'
actionpack (5.0.4) lib/action_dispatch/middleware/debug_exceptions.rb:49:in `call'
web-console (3.5.1) lib/web_console/middleware.rb:135:in `call_app'
web-console (3.5.1) lib/web_console/middleware.rb:20:in `block in call'
web-console (3.5.1) lib/web_console/middleware.rb:18:in `catch'
web-console (3.5.1) lib/web_console/middleware.rb:18:in `call'
actionpack (5.0.4) lib/action_dispatch/middleware/show_exceptions.rb:31:in `call'
railties (5.0.4) lib/rails/rack/logger.rb:36:in `call_app'
railties (5.0.4) lib/rails/rack/logger.rb:24:in `block in call'
activesupport (5.0.4) lib/active_support/tagged_logging.rb:69:in `block in tagged'
activesupport (5.0.4) lib/active_support/tagged_logging.rb:26:in `tagged'
activesupport (5.0.4) lib/active_support/tagged_logging.rb:69:in `tagged'
railties (5.0.4) lib/rails/rack/logger.rb:24:in `call'
sprockets-rails (3.2.0) lib/sprockets/rails/quiet_assets.rb:13:in `call'
actionpack (5.0.4) lib/action_dispatch/middleware/request_id.rb:24:in `call'
rack (2.0.3) lib/rack/method_override.rb:22:in `call'
rack (2.0.3) lib/rack/runtime.rb:22:in `call'
activesupport (5.0.4) lib/active_support/cache/strategy/local_cache_middleware.rb:28:in `call'
actionpack (5.0.4) lib/action_dispatch/middleware/executor.rb:12:in `call'
actionpack (5.0.4) lib/action_dispatch/middleware/static.rb:136:in `call'
rack (2.0.3) lib/rack/sendfile.rb:111:in `call'
railties (5.0.4) lib/rails/engine.rb:522:in `call'
puma (3.9.1) lib/puma/configuration.rb:224:in `call'
puma (3.9.1) lib/puma/server.rb:602:in `handle_request'
puma (3.9.1) lib/puma/server.rb:435:in `process_client'
puma (3.9.1) lib/puma/server.rb:299:in `block in run'
puma (3.9.1) lib/puma/thread_pool.rb:120:in `block in spawn_thread'
  Rendering /usr/local/rvm/gems/ruby-2.4.0/gems/actionpack-5.0.4/lib/action_dispatch/middleware/templates/rescues/diagnostics.html.erb within rescues/layout
  Rendering /usr/local/rvm/gems/ruby-2.4.0/gems/actionpack-5.0.4/lib/action_dispatch/middleware/templates/rescues/_source.html.erb
  Rendered /usr/local/rvm/gems/ruby-2.4.0/gems/actionpack-5.0.4/lib/action_dispatch/middleware/templates/rescues/_source.html.erb (1.9ms)
  Rendering /usr/local/rvm/gems/ruby-2.4.0/gems/actionpack-5.0.4/lib/action_dispatch/middleware/templates/rescues/_trace.html.erb
  Rendered /usr/local/rvm/gems/ruby-2.4.0/gems/actionpack-5.0.4/lib/action_dispatch/middleware/templates/rescues/_trace.html.erb (1.3ms)
  Rendering /usr/local/rvm/gems/ruby-2.4.0/gems/actionpack-5.0.4/lib/action_dispatch/middleware/templates/rescues/_request_and_response.html.erb
  Rendered /usr/local/rvm/gems/ruby-2.4.0/gems/actionpack-5.0.4/lib/action_dispatch/middleware/templates/rescues/_request_and_response.html.erb (0.7ms)
  Rendered /usr/local/rvm/gems/ruby-2.4.0/gems/actionpack-5.0.4/lib/action_dispatch/middleware/templates/rescues/diagnostics.html.erb within rescues/layout (29.4ms)
  [1m[36mActiveRecord::SchemaMigration Load (0.1ms)[0m  [1m[34mSELECT "schema_migrations".* FROM "schema_migrations"[0m
Migrating to CreatePosts (20170621160635)
  [1m[35m (0.1ms)[0m  [1m[36mbegin transaction[0m
  [1m[35m (1.9ms)[0m  [1m[35mCREATE TABLE "posts" ("id" INTEGER PRIMARY KEY AUTOINCREMENT NOT NULL, "title" varchar, "body" text, "created_at" datetime NOT NULL, "updated_at" datetime NOT NULL)[0m
  [1m[35mSQL (0.1ms)[0m  [1m[32mINSERT INTO "schema_migrations" ("version") VALUES (?)[0m  [["version", "20170621160635"]]
  [1m[35m (22.9ms)[0m  [1m[36mcommit transaction[0m
  [1m[36mActiveRecord::InternalMetadata Load (0.2ms)[0m  [1m[34mSELECT  "ar_internal_metadata".* FROM "ar_internal_metadata" WHERE "ar_internal_metadata"."key" = ? LIMIT ?[0m  [["key", "environment"], ["LIMIT", 1]]
  [1m[35m (0.1ms)[0m  [1m[36mbegin transaction[0m
  [1m[35m (0.0ms)[0m  [1m[36mcommit transaction[0m
  [1m[36mActiveRecord::SchemaMigration Load (0.1ms)[0m  [1m[34mSELECT "schema_migrations".* FROM "schema_migrations"[0m
Started GET "/" for 205.118.122.183 at 2017-06-21 16:07:25 +0000
Cannot render console from 205.118.122.183! Allowed networks: 127.0.0.1, ::1, 127.0.0.0/127.255.255.255
  [1m[36mActiveRecord::SchemaMigration Load (0.4ms)[0m  [1m[34mSELECT "schema_migrations".* FROM "schema_migrations"[0m
Processing by Rails::WelcomeController#index as HTML
  Parameters: {"internal"=>true}
  Rendering /usr/local/rvm/gems/ruby-2.4.0/gems/railties-5.0.4/lib/rails/templates/rails/welcome/index.html.erb
  Rendered /usr/local/rvm/gems/ruby-2.4.0/gems/railties-5.0.4/lib/rails/templates/rails/welcome/index.html.erb (3.2ms)
Completed 200 OK in 26ms (Views: 10.6ms | ActiveRecord: 0.0ms)


Started GET "/" for 205.118.122.183 at 2017-06-21 16:07:28 +0000
Cannot render console from 205.118.122.183! Allowed networks: 127.0.0.1, ::1, 127.0.0.0/127.255.255.255
Processing by Rails::WelcomeController#index as HTML
  Parameters: {"internal"=>true}
  Rendering /usr/local/rvm/gems/ruby-2.4.0/gems/railties-5.0.4/lib/rails/templates/rails/welcome/index.html.erb
  Rendered /usr/local/rvm/gems/ruby-2.4.0/gems/railties-5.0.4/lib/rails/templates/rails/welcome/index.html.erb (2.8ms)
Completed 200 OK in 6ms (Views: 4.2ms | ActiveRecord: 0.0ms)


Started GET "/post" for 205.118.122.183 at 2017-06-21 16:08:11 +0000
Cannot render console from 205.118.122.183! Allowed networks: 127.0.0.1, ::1, 127.0.0.0/127.255.255.255
  
ActionController::RoutingError (No route matches [GET] "/post"):
  
actionpack (5.0.4) lib/action_dispatch/middleware/debug_exceptions.rb:53:in `call'
web-console (3.5.1) lib/web_console/middleware.rb:135:in `call_app'
web-console (3.5.1) lib/web_console/middleware.rb:20:in `block in call'
web-console (3.5.1) lib/web_console/middleware.rb:18:in `catch'
web-console (3.5.1) lib/web_console/middleware.rb:18:in `call'
actionpack (5.0.4) lib/action_dispatch/middleware/show_exceptions.rb:31:in `call'
railties (5.0.4) lib/rails/rack/logger.rb:36:in `call_app'
railties (5.0.4) lib/rails/rack/logger.rb:24:in `block in call'
activesupport (5.0.4) lib/active_support/tagged_logging.rb:69:in `block in tagged'
activesupport (5.0.4) lib/active_support/tagged_logging.rb:26:in `tagged'
activesupport (5.0.4) lib/active_support/tagged_logging.rb:69:in `tagged'
railties (5.0.4) lib/rails/rack/logger.rb:24:in `call'
sprockets-rails (3.2.0) lib/sprockets/rails/quiet_assets.rb:13:in `call'
actionpack (5.0.4) lib/action_dispatch/middleware/request_id.rb:24:in `call'
rack (2.0.3) lib/rack/method_override.rb:22:in `call'
rack (2.0.3) lib/rack/runtime.rb:22:in `call'
activesupport (5.0.4) lib/active_support/cache/strategy/local_cache_middleware.rb:28:in `call'
actionpack (5.0.4) lib/action_dispatch/middleware/executor.rb:12:in `call'
actionpack (5.0.4) lib/action_dispatch/middleware/static.rb:136:in `call'
rack (2.0.3) lib/rack/sendfile.rb:111:in `call'
railties (5.0.4) lib/rails/engine.rb:522:in `call'
puma (3.9.1) lib/puma/configuration.rb:224:in `call'
puma (3.9.1) lib/puma/server.rb:602:in `handle_request'
puma (3.9.1) lib/puma/server.rb:435:in `process_client'
puma (3.9.1) lib/puma/server.rb:299:in `block in run'
puma (3.9.1) lib/puma/thread_pool.rb:120:in `block in spawn_thread'
  Rendering /usr/local/rvm/gems/ruby-2.4.0/gems/actionpack-5.0.4/lib/action_dispatch/middleware/templates/rescues/routing_error.html.erb within rescues/layout
  Rendering /usr/local/rvm/gems/ruby-2.4.0/gems/actionpack-5.0.4/lib/action_dispatch/middleware/templates/rescues/_trace.html.erb
  Rendered /usr/local/rvm/gems/ruby-2.4.0/gems/actionpack-5.0.4/lib/action_dispatch/middleware/templates/rescues/_trace.html.erb (1.2ms)
  Rendered collection of /usr/local/rvm/gems/ruby-2.4.0/gems/actionpack-5.0.4/lib/action_dispatch/middleware/templates/routes/_route.html.erb [16 times] (5.3ms)
  Rendered /usr/local/rvm/gems/ruby-2.4.0/gems/actionpack-5.0.4/lib/action_dispatch/middleware/templates/routes/_table.html.erb (7.2ms)
  Rendering /usr/local/rvm/gems/ruby-2.4.0/gems/actionpack-5.0.4/lib/action_dispatch/middleware/templates/rescues/_request_and_response.html.erb
  Rendered /usr/local/rvm/gems/ruby-2.4.0/gems/actionpack-5.0.4/lib/action_dispatch/middleware/templates/rescues/_request_and_response.html.erb (1.2ms)
  Rendered /usr/local/rvm/gems/ruby-2.4.0/gems/actionpack-5.0.4/lib/action_dispatch/middleware/templates/rescues/routing_error.html.erb within rescues/layout (44.2ms)
Started GET "/Posts" for 205.118.122.183 at 2017-06-21 16:08:18 +0000
Cannot render console from 205.118.122.183! Allowed networks: 127.0.0.1, ::1, 127.0.0.0/127.255.255.255
  
ActionController::RoutingError (No route matches [GET] "/Posts"):
  
actionpack (5.0.4) lib/action_dispatch/middleware/debug_exceptions.rb:53:in `call'
web-console (3.5.1) lib/web_console/middleware.rb:135:in `call_app'
web-console (3.5.1) lib/web_console/middleware.rb:20:in `block in call'
web-console (3.5.1) lib/web_console/middleware.rb:18:in `catch'
web-console (3.5.1) lib/web_console/middleware.rb:18:in `call'
actionpack (5.0.4) lib/action_dispatch/middleware/show_exceptions.rb:31:in `call'
railties (5.0.4) lib/rails/rack/logger.rb:36:in `call_app'
railties (5.0.4) lib/rails/rack/logger.rb:24:in `block in call'
activesupport (5.0.4) lib/active_support/tagged_logging.rb:69:in `block in tagged'
activesupport (5.0.4) lib/active_support/tagged_logging.rb:26:in `tagged'
activesupport (5.0.4) lib/active_support/tagged_logging.rb:69:in `tagged'
railties (5.0.4) lib/rails/rack/logger.rb:24:in `call'
sprockets-rails (3.2.0) lib/sprockets/rails/quiet_assets.rb:13:in `call'
actionpack (5.0.4) lib/action_dispatch/middleware/request_id.rb:24:in `call'
rack (2.0.3) lib/rack/method_override.rb:22:in `call'
rack (2.0.3) lib/rack/runtime.rb:22:in `call'
activesupport (5.0.4) lib/active_support/cache/strategy/local_cache_middleware.rb:28:in `call'
actionpack (5.0.4) lib/action_dispatch/middleware/executor.rb:12:in `call'
actionpack (5.0.4) lib/action_dispatch/middleware/static.rb:136:in `call'
rack (2.0.3) lib/rack/sendfile.rb:111:in `call'
railties (5.0.4) lib/rails/engine.rb:522:in `call'
puma (3.9.1) lib/puma/configuration.rb:224:in `call'
puma (3.9.1) lib/puma/server.rb:602:in `handle_request'
puma (3.9.1) lib/puma/server.rb:435:in `process_client'
puma (3.9.1) lib/puma/server.rb:299:in `block in run'
puma (3.9.1) lib/puma/thread_pool.rb:120:in `block in spawn_thread'
  Rendering /usr/local/rvm/gems/ruby-2.4.0/gems/actionpack-5.0.4/lib/action_dispatch/middleware/templates/rescues/routing_error.html.erb within rescues/layout
  Rendering /usr/local/rvm/gems/ruby-2.4.0/gems/actionpack-5.0.4/lib/action_dispatch/middleware/templates/rescues/_trace.html.erb
  Rendered /usr/local/rvm/gems/ruby-2.4.0/gems/actionpack-5.0.4/lib/action_dispatch/middleware/templates/rescues/_trace.html.erb (1.9ms)
  Rendered collection of /usr/local/rvm/gems/ruby-2.4.0/gems/actionpack-5.0.4/lib/action_dispatch/middleware/templates/routes/_route.html.erb [16 times] (6.4ms)
  Rendered /usr/local/rvm/gems/ruby-2.4.0/gems/actionpack-5.0.4/lib/action_dispatch/middleware/templates/routes/_table.html.erb (1.6ms)
  Rendering /usr/local/rvm/gems/ruby-2.4.0/gems/actionpack-5.0.4/lib/action_dispatch/middleware/templates/rescues/_request_and_response.html.erb
  Rendered /usr/local/rvm/gems/ruby-2.4.0/gems/actionpack-5.0.4/lib/action_dispatch/middleware/templates/rescues/_request_and_response.html.erb (1.4ms)
  Rendered /usr/local/rvm/gems/ruby-2.4.0/gems/actionpack-5.0.4/lib/action_dispatch/middleware/templates/rescues/routing_error.html.erb within rescues/layout (59.1ms)
Started GET "/Post" for 205.118.122.183 at 2017-06-21 16:08:23 +0000
Cannot render console from 205.118.122.183! Allowed networks: 127.0.0.1, ::1, 127.0.0.0/127.255.255.255
  
ActionController::RoutingError (No route matches [GET] "/Post"):
  
actionpack (5.0.4) lib/action_dispatch/middleware/debug_exceptions.rb:53:in `call'
web-console (3.5.1) lib/web_console/middleware.rb:135:in `call_app'
web-console (3.5.1) lib/web_console/middleware.rb:20:in `block in call'
web-console (3.5.1) lib/web_console/middleware.rb:18:in `catch'
web-console (3.5.1) lib/web_console/middleware.rb:18:in `call'
actionpack (5.0.4) lib/action_dispatch/middleware/show_exceptions.rb:31:in `call'
railties (5.0.4) lib/rails/rack/logger.rb:36:in `call_app'
railties (5.0.4) lib/rails/rack/logger.rb:24:in `block in call'
activesupport (5.0.4) lib/active_support/tagged_logging.rb:69:in `block in tagged'
activesupport (5.0.4) lib/active_support/tagged_logging.rb:26:in `tagged'
activesupport (5.0.4) lib/active_support/tagged_logging.rb:69:in `tagged'
railties (5.0.4) lib/rails/rack/logger.rb:24:in `call'
sprockets-rails (3.2.0) lib/sprockets/rails/quiet_assets.rb:13:in `call'
actionpack (5.0.4) lib/action_dispatch/middleware/request_id.rb:24:in `call'
rack (2.0.3) lib/rack/method_override.rb:22:in `call'
rack (2.0.3) lib/rack/runtime.rb:22:in `call'
activesupport (5.0.4) lib/active_support/cache/strategy/local_cache_middleware.rb:28:in `call'
actionpack (5.0.4) lib/action_dispatch/middleware/executor.rb:12:in `call'
actionpack (5.0.4) lib/action_dispatch/middleware/static.rb:136:in `call'
rack (2.0.3) lib/rack/sendfile.rb:111:in `call'
railties (5.0.4) lib/rails/engine.rb:522:in `call'
puma (3.9.1) lib/puma/configuration.rb:224:in `call'
puma (3.9.1) lib/puma/server.rb:602:in `handle_request'
puma (3.9.1) lib/puma/server.rb:435:in `process_client'
puma (3.9.1) lib/puma/server.rb:299:in `block in run'
puma (3.9.1) lib/puma/thread_pool.rb:120:in `block in spawn_thread'
  Rendering /usr/local/rvm/gems/ruby-2.4.0/gems/actionpack-5.0.4/lib/action_dispatch/middleware/templates/rescues/routing_error.html.erb within rescues/layout
  Rendering /usr/local/rvm/gems/ruby-2.4.0/gems/actionpack-5.0.4/lib/action_dispatch/middleware/templates/rescues/_trace.html.erb
  Rendered /usr/local/rvm/gems/ruby-2.4.0/gems/actionpack-5.0.4/lib/action_dispatch/middleware/templates/rescues/_trace.html.erb (1.2ms)
  Rendered collection of /usr/local/rvm/gems/ruby-2.4.0/gems/actionpack-5.0.4/lib/action_dispatch/middleware/templates/routes/_route.html.erb [16 times] (5.0ms)
  Rendered /usr/local/rvm/gems/ruby-2.4.0/gems/actionpack-5.0.4/lib/action_dispatch/middleware/templates/routes/_table.html.erb (1.0ms)
  Rendering /usr/local/rvm/gems/ruby-2.4.0/gems/actionpack-5.0.4/lib/action_dispatch/middleware/templates/rescues/_request_and_response.html.erb
  Rendered /usr/local/rvm/gems/ruby-2.4.0/gems/actionpack-5.0.4/lib/action_dispatch/middleware/templates/rescues/_request_and_response.html.erb (1.0ms)
  Rendered /usr/local/rvm/gems/ruby-2.4.0/gems/actionpack-5.0.4/lib/action_dispatch/middleware/templates/rescues/routing_error.html.erb within rescues/layout (37.2ms)
  [1m[36mActiveRecord::SchemaMigration Load (0.1ms)[0m  [1m[34mSELECT "schema_migrations".* FROM "schema_migrations"[0m
  [1m[36mActiveRecord::InternalMetadata Load (0.2ms)[0m  [1m[34mSELECT  "ar_internal_metadata".* FROM "ar_internal_metadata" WHERE "ar_internal_metadata"."key" = ? LIMIT ?[0m  [["key", "environment"], ["LIMIT", 1]]
  [1m[35m (0.1ms)[0m  [1m[36mbegin transaction[0m
  [1m[35m (0.1ms)[0m  [1m[36mcommit transaction[0m
  [1m[36mActiveRecord::SchemaMigration Load (0.1ms)[0m  [1m[34mSELECT "schema_migrations".* FROM "schema_migrations"[0m
Started GET "/" for 205.118.122.183 at 2017-06-21 16:09:42 +0000
Cannot render console from 205.118.122.183! Allowed networks: 127.0.0.1, ::1, 127.0.0.0/127.255.255.255
  [1m[36mActiveRecord::SchemaMigration Load (0.2ms)[0m  [1m[34mSELECT "schema_migrations".* FROM "schema_migrations"[0m
Processing by Rails::WelcomeController#index as HTML
  Parameters: {"internal"=>true}
  Rendering /usr/local/rvm/gems/ruby-2.4.0/gems/railties-5.0.4/lib/rails/templates/rails/welcome/index.html.erb
  Rendered /usr/local/rvm/gems/ruby-2.4.0/gems/railties-5.0.4/lib/rails/templates/rails/welcome/index.html.erb (2.8ms)
Completed 200 OK in 16ms (Views: 7.2ms | ActiveRecord: 0.0ms)


Started GET "/" for 205.118.122.183 at 2017-06-21 17:08:01 +0000
Cannot render console from 205.118.122.183! Allowed networks: 127.0.0.1, ::1, 127.0.0.0/127.255.255.255
Processing by Rails::WelcomeController#index as HTML
  Parameters: {"internal"=>true}
  Rendering /usr/local/rvm/gems/ruby-2.4.0/gems/railties-5.0.4/lib/rails/templates/rails/welcome/index.html.erb
  Rendered /usr/local/rvm/gems/ruby-2.4.0/gems/railties-5.0.4/lib/rails/templates/rails/welcome/index.html.erb (91.6ms)
Completed 200 OK in 113ms (Views: 93.5ms | ActiveRecord: 0.0ms)


Started GET "/" for 205.118.122.183 at 2017-06-21 17:08:02 +0000
Cannot render console from 205.118.122.183! Allowed networks: 127.0.0.1, ::1, 127.0.0.0/127.255.255.255
Processing by Rails::WelcomeController#index as HTML
  Parameters: {"internal"=>true}
  Rendering /usr/local/rvm/gems/ruby-2.4.0/gems/railties-5.0.4/lib/rails/templates/rails/welcome/index.html.erb
  Rendered /usr/local/rvm/gems/ruby-2.4.0/gems/railties-5.0.4/lib/rails/templates/rails/welcome/index.html.erb (2.0ms)
Completed 200 OK in 4ms (Views: 3.1ms | ActiveRecord: 0.0ms)


Started GET "/pages/home" for 205.118.122.183 at 2017-06-21 17:08:11 +0000
Cannot render console from 205.118.122.183! Allowed networks: 127.0.0.1, ::1, 127.0.0.0/127.255.255.255
  
ActionController::RoutingError (No route matches [GET] "/pages/home"):
  
actionpack (5.0.4) lib/action_dispatch/middleware/debug_exceptions.rb:53:in `call'
web-console (3.5.1) lib/web_console/middleware.rb:135:in `call_app'
web-console (3.5.1) lib/web_console/middleware.rb:20:in `block in call'
web-console (3.5.1) lib/web_console/middleware.rb:18:in `catch'
web-console (3.5.1) lib/web_console/middleware.rb:18:in `call'
actionpack (5.0.4) lib/action_dispatch/middleware/show_exceptions.rb:31:in `call'
railties (5.0.4) lib/rails/rack/logger.rb:36:in `call_app'
railties (5.0.4) lib/rails/rack/logger.rb:24:in `block in call'
activesupport (5.0.4) lib/active_support/tagged_logging.rb:69:in `block in tagged'
activesupport (5.0.4) lib/active_support/tagged_logging.rb:26:in `tagged'
activesupport (5.0.4) lib/active_support/tagged_logging.rb:69:in `tagged'
railties (5.0.4) lib/rails/rack/logger.rb:24:in `call'
sprockets-rails (3.2.0) lib/sprockets/rails/quiet_assets.rb:13:in `call'
actionpack (5.0.4) lib/action_dispatch/middleware/request_id.rb:24:in `call'
rack (2.0.3) lib/rack/method_override.rb:22:in `call'
rack (2.0.3) lib/rack/runtime.rb:22:in `call'
activesupport (5.0.4) lib/active_support/cache/strategy/local_cache_middleware.rb:28:in `call'
actionpack (5.0.4) lib/action_dispatch/middleware/executor.rb:12:in `call'
actionpack (5.0.4) lib/action_dispatch/middleware/static.rb:136:in `call'
rack (2.0.3) lib/rack/sendfile.rb:111:in `call'
railties (5.0.4) lib/rails/engine.rb:522:in `call'
puma (3.9.1) lib/puma/configuration.rb:224:in `call'
puma (3.9.1) lib/puma/server.rb:602:in `handle_request'
puma (3.9.1) lib/puma/server.rb:435:in `process_client'
puma (3.9.1) lib/puma/server.rb:299:in `block in run'
puma (3.9.1) lib/puma/thread_pool.rb:120:in `block in spawn_thread'
  Rendering /usr/local/rvm/gems/ruby-2.4.0/gems/actionpack-5.0.4/lib/action_dispatch/middleware/templates/rescues/routing_error.html.erb within rescues/layout
  Rendering /usr/local/rvm/gems/ruby-2.4.0/gems/actionpack-5.0.4/lib/action_dispatch/middleware/templates/rescues/_trace.html.erb
  Rendered /usr/local/rvm/gems/ruby-2.4.0/gems/actionpack-5.0.4/lib/action_dispatch/middleware/templates/rescues/_trace.html.erb (1.6ms)
  Rendered collection of /usr/local/rvm/gems/ruby-2.4.0/gems/actionpack-5.0.4/lib/action_dispatch/middleware/templates/routes/_route.html.erb [16 times] (46.2ms)
  Rendered /usr/local/rvm/gems/ruby-2.4.0/gems/actionpack-5.0.4/lib/action_dispatch/middleware/templates/routes/_table.html.erb (13.0ms)
  Rendering /usr/local/rvm/gems/ruby-2.4.0/gems/actionpack-5.0.4/lib/action_dispatch/middleware/templates/rescues/_request_and_response.html.erb
  Rendered /usr/local/rvm/gems/ruby-2.4.0/gems/actionpack-5.0.4/lib/action_dispatch/middleware/templates/rescues/_request_and_response.html.erb (1.3ms)
  Rendered /usr/local/rvm/gems/ruby-2.4.0/gems/actionpack-5.0.4/lib/action_dispatch/middleware/templates/rescues/routing_error.html.erb within rescues/layout (164.5ms)
Started GET "/" for 205.118.122.183 at 2017-06-21 17:09:01 +0000
Cannot render console from 205.118.122.183! Allowed networks: 127.0.0.1, ::1, 127.0.0.0/127.255.255.255
Processing by Rails::WelcomeController#index as HTML
  Parameters: {"internal"=>true}
  Rendering /usr/local/rvm/gems/ruby-2.4.0/gems/railties-5.0.4/lib/rails/templates/rails/welcome/index.html.erb
  Rendered /usr/local/rvm/gems/ruby-2.4.0/gems/railties-5.0.4/lib/rails/templates/rails/welcome/index.html.erb (343.2ms)
Completed 200 OK in 356ms (Views: 350.6ms | ActiveRecord: 0.0ms)


Started GET "/pages/home" for 205.118.122.183 at 2017-06-21 17:09:06 +0000
Cannot render console from 205.118.122.183! Allowed networks: 127.0.0.1, ::1, 127.0.0.0/127.255.255.255
  
ActionController::RoutingError (No route matches [GET] "/pages/home"):
  
actionpack (5.0.4) lib/action_dispatch/middleware/debug_exceptions.rb:53:in `call'
web-console (3.5.1) lib/web_console/middleware.rb:135:in `call_app'
web-console (3.5.1) lib/web_console/middleware.rb:20:in `block in call'
web-console (3.5.1) lib/web_console/middleware.rb:18:in `catch'
web-console (3.5.1) lib/web_console/middleware.rb:18:in `call'
actionpack (5.0.4) lib/action_dispatch/middleware/show_exceptions.rb:31:in `call'
railties (5.0.4) lib/rails/rack/logger.rb:36:in `call_app'
railties (5.0.4) lib/rails/rack/logger.rb:24:in `block in call'
activesupport (5.0.4) lib/active_support/tagged_logging.rb:69:in `block in tagged'
activesupport (5.0.4) lib/active_support/tagged_logging.rb:26:in `tagged'
activesupport (5.0.4) lib/active_support/tagged_logging.rb:69:in `tagged'
railties (5.0.4) lib/rails/rack/logger.rb:24:in `call'
sprockets-rails (3.2.0) lib/sprockets/rails/quiet_assets.rb:13:in `call'
actionpack (5.0.4) lib/action_dispatch/middleware/request_id.rb:24:in `call'
rack (2.0.3) lib/rack/method_override.rb:22:in `call'
rack (2.0.3) lib/rack/runtime.rb:22:in `call'
activesupport (5.0.4) lib/active_support/cache/strategy/local_cache_middleware.rb:28:in `call'
actionpack (5.0.4) lib/action_dispatch/middleware/executor.rb:12:in `call'
actionpack (5.0.4) lib/action_dispatch/middleware/static.rb:136:in `call'
rack (2.0.3) lib/rack/sendfile.rb:111:in `call'
railties (5.0.4) lib/rails/engine.rb:522:in `call'
puma (3.9.1) lib/puma/configuration.rb:224:in `call'
puma (3.9.1) lib/puma/server.rb:602:in `handle_request'
puma (3.9.1) lib/puma/server.rb:435:in `process_client'
puma (3.9.1) lib/puma/server.rb:299:in `block in run'
puma (3.9.1) lib/puma/thread_pool.rb:120:in `block in spawn_thread'
  Rendering /usr/local/rvm/gems/ruby-2.4.0/gems/actionpack-5.0.4/lib/action_dispatch/middleware/templates/rescues/routing_error.html.erb within rescues/layout
  Rendering /usr/local/rvm/gems/ruby-2.4.0/gems/actionpack-5.0.4/lib/action_dispatch/middleware/templates/rescues/_trace.html.erb
  Rendered /usr/local/rvm/gems/ruby-2.4.0/gems/actionpack-5.0.4/lib/action_dispatch/middleware/templates/rescues/_trace.html.erb (2.1ms)
  Rendered collection of /usr/local/rvm/gems/ruby-2.4.0/gems/actionpack-5.0.4/lib/action_dispatch/middleware/templates/routes/_route.html.erb [16 times] (24.5ms)
  Rendered /usr/local/rvm/gems/ruby-2.4.0/gems/actionpack-5.0.4/lib/action_dispatch/middleware/templates/routes/_table.html.erb (1.8ms)
  Rendering /usr/local/rvm/gems/ruby-2.4.0/gems/actionpack-5.0.4/lib/action_dispatch/middleware/templates/rescues/_request_and_response.html.erb
  Rendered /usr/local/rvm/gems/ruby-2.4.0/gems/actionpack-5.0.4/lib/action_dispatch/middleware/templates/rescues/_request_and_response.html.erb (1.6ms)
  Rendered /usr/local/rvm/gems/ruby-2.4.0/gems/actionpack-5.0.4/lib/action_dispatch/middleware/templates/rescues/routing_error.html.erb within rescues/layout (87.6ms)
Started GET "/Post" for 205.118.122.183 at 2017-06-21 17:09:20 +0000
Cannot render console from 205.118.122.183! Allowed networks: 127.0.0.1, ::1, 127.0.0.0/127.255.255.255
  
ActionController::RoutingError (No route matches [GET] "/Post"):
  
actionpack (5.0.4) lib/action_dispatch/middleware/debug_exceptions.rb:53:in `call'
web-console (3.5.1) lib/web_console/middleware.rb:135:in `call_app'
web-console (3.5.1) lib/web_console/middleware.rb:20:in `block in call'
web-console (3.5.1) lib/web_console/middleware.rb:18:in `catch'
web-console (3.5.1) lib/web_console/middleware.rb:18:in `call'
actionpack (5.0.4) lib/action_dispatch/middleware/show_exceptions.rb:31:in `call'
railties (5.0.4) lib/rails/rack/logger.rb:36:in `call_app'
railties (5.0.4) lib/rails/rack/logger.rb:24:in `block in call'
activesupport (5.0.4) lib/active_support/tagged_logging.rb:69:in `block in tagged'
activesupport (5.0.4) lib/active_support/tagged_logging.rb:26:in `tagged'
activesupport (5.0.4) lib/active_support/tagged_logging.rb:69:in `tagged'
railties (5.0.4) lib/rails/rack/logger.rb:24:in `call'
sprockets-rails (3.2.0) lib/sprockets/rails/quiet_assets.rb:13:in `call'
actionpack (5.0.4) lib/action_dispatch/middleware/request_id.rb:24:in `call'
rack (2.0.3) lib/rack/method_override.rb:22:in `call'
rack (2.0.3) lib/rack/runtime.rb:22:in `call'
activesupport (5.0.4) lib/active_support/cache/strategy/local_cache_middleware.rb:28:in `call'
actionpack (5.0.4) lib/action_dispatch/middleware/executor.rb:12:in `call'
actionpack (5.0.4) lib/action_dispatch/middleware/static.rb:136:in `call'
rack (2.0.3) lib/rack/sendfile.rb:111:in `call'
railties (5.0.4) lib/rails/engine.rb:522:in `call'
puma (3.9.1) lib/puma/configuration.rb:224:in `call'
puma (3.9.1) lib/puma/server.rb:602:in `handle_request'
puma (3.9.1) lib/puma/server.rb:435:in `process_client'
puma (3.9.1) lib/puma/server.rb:299:in `block in run'
puma (3.9.1) lib/puma/thread_pool.rb:120:in `block in spawn_thread'
  Rendering /usr/local/rvm/gems/ruby-2.4.0/gems/actionpack-5.0.4/lib/action_dispatch/middleware/templates/rescues/routing_error.html.erb within rescues/layout
  Rendering /usr/local/rvm/gems/ruby-2.4.0/gems/actionpack-5.0.4/lib/action_dispatch/middleware/templates/rescues/_trace.html.erb
  Rendered /usr/local/rvm/gems/ruby-2.4.0/gems/actionpack-5.0.4/lib/action_dispatch/middleware/templates/rescues/_trace.html.erb (1.2ms)
  Rendered collection of /usr/local/rvm/gems/ruby-2.4.0/gems/actionpack-5.0.4/lib/action_dispatch/middleware/templates/routes/_route.html.erb [16 times] (4.9ms)
  Rendered /usr/local/rvm/gems/ruby-2.4.0/gems/actionpack-5.0.4/lib/action_dispatch/middleware/templates/routes/_table.html.erb (1.0ms)
  Rendering /usr/local/rvm/gems/ruby-2.4.0/gems/actionpack-5.0.4/lib/action_dispatch/middleware/templates/rescues/_request_and_response.html.erb
  Rendered /usr/local/rvm/gems/ruby-2.4.0/gems/actionpack-5.0.4/lib/action_dispatch/middleware/templates/rescues/_request_and_response.html.erb (1.0ms)
  Rendered /usr/local/rvm/gems/ruby-2.4.0/gems/actionpack-5.0.4/lib/action_dispatch/middleware/templates/rescues/routing_error.html.erb within rescues/layout (34.9ms)
Started GET "/Post" for 205.118.122.183 at 2017-06-21 17:11:11 +0000
Cannot render console from 205.118.122.183! Allowed networks: 127.0.0.1, ::1, 127.0.0.0/127.255.255.255
  
ActionController::RoutingError (No route matches [GET] "/Post"):
  
actionpack (5.0.4) lib/action_dispatch/middleware/debug_exceptions.rb:53:in `call'
web-console (3.5.1) lib/web_console/middleware.rb:135:in `call_app'
web-console (3.5.1) lib/web_console/middleware.rb:20:in `block in call'
web-console (3.5.1) lib/web_console/middleware.rb:18:in `catch'
web-console (3.5.1) lib/web_console/middleware.rb:18:in `call'
actionpack (5.0.4) lib/action_dispatch/middleware/show_exceptions.rb:31:in `call'
railties (5.0.4) lib/rails/rack/logger.rb:36:in `call_app'
railties (5.0.4) lib/rails/rack/logger.rb:24:in `block in call'
activesupport (5.0.4) lib/active_support/tagged_logging.rb:69:in `block in tagged'
activesupport (5.0.4) lib/active_support/tagged_logging.rb:26:in `tagged'
activesupport (5.0.4) lib/active_support/tagged_logging.rb:69:in `tagged'
railties (5.0.4) lib/rails/rack/logger.rb:24:in `call'
sprockets-rails (3.2.0) lib/sprockets/rails/quiet_assets.rb:13:in `call'
actionpack (5.0.4) lib/action_dispatch/middleware/request_id.rb:24:in `call'
rack (2.0.3) lib/rack/method_override.rb:22:in `call'
rack (2.0.3) lib/rack/runtime.rb:22:in `call'
activesupport (5.0.4) lib/active_support/cache/strategy/local_cache_middleware.rb:28:in `call'
actionpack (5.0.4) lib/action_dispatch/middleware/executor.rb:12:in `call'
actionpack (5.0.4) lib/action_dispatch/middleware/static.rb:136:in `call'
rack (2.0.3) lib/rack/sendfile.rb:111:in `call'
railties (5.0.4) lib/rails/engine.rb:522:in `call'
puma (3.9.1) lib/puma/configuration.rb:224:in `call'
puma (3.9.1) lib/puma/server.rb:602:in `handle_request'
puma (3.9.1) lib/puma/server.rb:435:in `process_client'
puma (3.9.1) lib/puma/server.rb:299:in `block in run'
puma (3.9.1) lib/puma/thread_pool.rb:120:in `block in spawn_thread'
  Rendering /usr/local/rvm/gems/ruby-2.4.0/gems/actionpack-5.0.4/lib/action_dispatch/middleware/templates/rescues/routing_error.html.erb within rescues/layout
  Rendering /usr/local/rvm/gems/ruby-2.4.0/gems/actionpack-5.0.4/lib/action_dispatch/middleware/templates/rescues/_trace.html.erb
  Rendered /usr/local/rvm/gems/ruby-2.4.0/gems/actionpack-5.0.4/lib/action_dispatch/middleware/templates/rescues/_trace.html.erb (1.2ms)
  Rendered collection of /usr/local/rvm/gems/ruby-2.4.0/gems/actionpack-5.0.4/lib/action_dispatch/middleware/templates/routes/_route.html.erb [16 times] (5.9ms)
  Rendered /usr/local/rvm/gems/ruby-2.4.0/gems/actionpack-5.0.4/lib/action_dispatch/middleware/templates/routes/_table.html.erb (1.3ms)
  Rendering /usr/local/rvm/gems/ruby-2.4.0/gems/actionpack-5.0.4/lib/action_dispatch/middleware/templates/rescues/_request_and_response.html.erb
  Rendered /usr/local/rvm/gems/ruby-2.4.0/gems/actionpack-5.0.4/lib/action_dispatch/middleware/templates/rescues/_request_and_response.html.erb (1.3ms)
  Rendered /usr/local/rvm/gems/ruby-2.4.0/gems/actionpack-5.0.4/lib/action_dispatch/middleware/templates/rescues/routing_error.html.erb within rescues/layout (40.4ms)
Started GET "/" for 205.118.122.183 at 2017-06-21 17:12:27 +0000
Cannot render console from 205.118.122.183! Allowed networks: 127.0.0.1, ::1, 127.0.0.0/127.255.255.255
  [1m[36mActiveRecord::SchemaMigration Load (0.2ms)[0m  [1m[34mSELECT "schema_migrations".* FROM "schema_migrations"[0m
Processing by Rails::WelcomeController#index as HTML
  Parameters: {"internal"=>true}
  Rendering /usr/local/rvm/gems/ruby-2.4.0/gems/railties-5.0.4/lib/rails/templates/rails/welcome/index.html.erb
  Rendered /usr/local/rvm/gems/ruby-2.4.0/gems/railties-5.0.4/lib/rails/templates/rails/welcome/index.html.erb (3.1ms)
Completed 200 OK in 18ms (Views: 8.7ms | ActiveRecord: 0.0ms)


Started GET "/posts" for 205.118.122.183 at 2017-06-21 17:13:11 +0000
Cannot render console from 205.118.122.183! Allowed networks: 127.0.0.1, ::1, 127.0.0.0/127.255.255.255
Processing by PostsController#index as HTML
  Rendering posts/index.html.erb within layouts/application
  [1m[36mPost Load (0.4ms)[0m  [1m[34mSELECT "posts".* FROM "posts"[0m
  Rendered posts/index.html.erb within layouts/application (5.3ms)
Completed 200 OK in 774ms (Views: 766.9ms | ActiveRecord: 0.6ms)


Started GET "/posts" for 205.118.122.183 at 2017-06-21 17:13:17 +0000
Cannot render console from 205.118.122.183! Allowed networks: 127.0.0.1, ::1, 127.0.0.0/127.255.255.255
Processing by PostsController#index as HTML
  Rendering posts/index.html.erb within layouts/application
  [1m[36mPost Load (0.3ms)[0m  [1m[34mSELECT "posts".* FROM "posts"[0m
  Rendered posts/index.html.erb within layouts/application (1.6ms)
Completed 200 OK in 24ms (Views: 22.6ms | ActiveRecord: 0.3ms)


Started GET "/posts" for 205.118.122.183 at 2017-06-21 17:16:44 +0000
Cannot render console from 205.118.122.183! Allowed networks: 127.0.0.1, ::1, 127.0.0.0/127.255.255.255
Processing by PostsController#index as HTML
  Rendering posts/index.html.erb within layouts/application
  [1m[36mPost Load (0.3ms)[0m  [1m[34mSELECT "posts".* FROM "posts"[0m
  Rendered posts/index.html.erb within layouts/application (1.6ms)
Completed 200 OK in 121ms (Views: 119.0ms | ActiveRecord: 0.3ms)


Started GET "/posts" for 205.118.122.183 at 2017-06-21 17:26:08 +0000
Cannot render console from 205.118.122.183! Allowed networks: 127.0.0.1, ::1, 127.0.0.0/127.255.255.255
Processing by PostsController#index as HTML
  Rendering posts/index.html.erb within layouts/application
  [1m[36mPost Load (0.2ms)[0m  [1m[34mSELECT "posts".* FROM "posts"[0m
  Rendered posts/index.html.erb within layouts/application (1.6ms)
Completed 200 OK in 160ms (Views: 158.3ms | ActiveRecord: 0.2ms)


  [1m[36mActiveRecord::SchemaMigration Load (0.2ms)[0m  [1m[34mSELECT "schema_migrations".* FROM "schema_migrations"[0m
Migrating to CreateBlogs (20170621172858)
  [1m[35m (0.1ms)[0m  [1m[36mbegin transaction[0m
  [1m[35m (2.1ms)[0m  [1m[35mCREATE TABLE "blogs" ("id" INTEGER PRIMARY KEY AUTOINCREMENT NOT NULL, "title" varchar, "body" text, "created_at" datetime NOT NULL, "updated_at" datetime NOT NULL)[0m
  [1m[35mSQL (0.2ms)[0m  [1m[32mINSERT INTO "schema_migrations" ("version") VALUES (?)[0m  [["version", "20170621172858"]]
  [1m[35m (12.9ms)[0m  [1m[36mcommit transaction[0m
  [1m[36mActiveRecord::InternalMetadata Load (0.2ms)[0m  [1m[34mSELECT  "ar_internal_metadata".* FROM "ar_internal_metadata" WHERE "ar_internal_metadata"."key" = ? LIMIT ?[0m  [["key", "environment"], ["LIMIT", 1]]
  [1m[35m (0.1ms)[0m  [1m[36mbegin transaction[0m
  [1m[35m (0.1ms)[0m  [1m[36mcommit transaction[0m
  [1m[36mActiveRecord::SchemaMigration Load (0.2ms)[0m  [1m[34mSELECT "schema_migrations".* FROM "schema_migrations"[0m
Started GET "/posts" for 205.118.122.183 at 2017-06-21 17:29:59 +0000
Cannot render console from 205.118.122.183! Allowed networks: 127.0.0.1, ::1, 127.0.0.0/127.255.255.255
  [1m[36mActiveRecord::SchemaMigration Load (0.3ms)[0m  [1m[34mSELECT "schema_migrations".* FROM "schema_migrations"[0m
Processing by PostsController#index as HTML
  Rendering posts/index.html.erb within layouts/application
  [1m[36mPost Load (0.2ms)[0m  [1m[34mSELECT "posts".* FROM "posts"[0m
  Rendered posts/index.html.erb within layouts/application (7.3ms)
Completed 200 OK in 439ms (Views: 422.3ms | ActiveRecord: 0.5ms)


Started GET "/blog" for 205.118.122.183 at 2017-06-21 17:30:10 +0000
Cannot render console from 205.118.122.183! Allowed networks: 127.0.0.1, ::1, 127.0.0.0/127.255.255.255
  
ActionController::RoutingError (No route matches [GET] "/blog"):
  
actionpack (5.0.4) lib/action_dispatch/middleware/debug_exceptions.rb:53:in `call'
web-console (3.5.1) lib/web_console/middleware.rb:135:in `call_app'
web-console (3.5.1) lib/web_console/middleware.rb:20:in `block in call'
web-console (3.5.1) lib/web_console/middleware.rb:18:in `catch'
web-console (3.5.1) lib/web_console/middleware.rb:18:in `call'
actionpack (5.0.4) lib/action_dispatch/middleware/show_exceptions.rb:31:in `call'
railties (5.0.4) lib/rails/rack/logger.rb:36:in `call_app'
railties (5.0.4) lib/rails/rack/logger.rb:24:in `block in call'
activesupport (5.0.4) lib/active_support/tagged_logging.rb:69:in `block in tagged'
activesupport (5.0.4) lib/active_support/tagged_logging.rb:26:in `tagged'
activesupport (5.0.4) lib/active_support/tagged_logging.rb:69:in `tagged'
railties (5.0.4) lib/rails/rack/logger.rb:24:in `call'
sprockets-rails (3.2.0) lib/sprockets/rails/quiet_assets.rb:13:in `call'
actionpack (5.0.4) lib/action_dispatch/middleware/request_id.rb:24:in `call'
rack (2.0.3) lib/rack/method_override.rb:22:in `call'
rack (2.0.3) lib/rack/runtime.rb:22:in `call'
activesupport (5.0.4) lib/active_support/cache/strategy/local_cache_middleware.rb:28:in `call'
actionpack (5.0.4) lib/action_dispatch/middleware/executor.rb:12:in `call'
actionpack (5.0.4) lib/action_dispatch/middleware/static.rb:136:in `call'
rack (2.0.3) lib/rack/sendfile.rb:111:in `call'
railties (5.0.4) lib/rails/engine.rb:522:in `call'
puma (3.9.1) lib/puma/configuration.rb:224:in `call'
puma (3.9.1) lib/puma/server.rb:602:in `handle_request'
puma (3.9.1) lib/puma/server.rb:435:in `process_client'
puma (3.9.1) lib/puma/server.rb:299:in `block in run'
puma (3.9.1) lib/puma/thread_pool.rb:120:in `block in spawn_thread'
  Rendering /usr/local/rvm/gems/ruby-2.4.0/gems/actionpack-5.0.4/lib/action_dispatch/middleware/templates/rescues/routing_error.html.erb within rescues/layout
  Rendering /usr/local/rvm/gems/ruby-2.4.0/gems/actionpack-5.0.4/lib/action_dispatch/middleware/templates/rescues/_trace.html.erb
  Rendered /usr/local/rvm/gems/ruby-2.4.0/gems/actionpack-5.0.4/lib/action_dispatch/middleware/templates/rescues/_trace.html.erb (1.1ms)
  Rendered collection of /usr/local/rvm/gems/ruby-2.4.0/gems/actionpack-5.0.4/lib/action_dispatch/middleware/templates/routes/_route.html.erb [24 times] (7.5ms)
  Rendered /usr/local/rvm/gems/ruby-2.4.0/gems/actionpack-5.0.4/lib/action_dispatch/middleware/templates/routes/_table.html.erb (7.2ms)
  Rendering /usr/local/rvm/gems/ruby-2.4.0/gems/actionpack-5.0.4/lib/action_dispatch/middleware/templates/rescues/_request_and_response.html.erb
  Rendered /usr/local/rvm/gems/ruby-2.4.0/gems/actionpack-5.0.4/lib/action_dispatch/middleware/templates/rescues/_request_and_response.html.erb (1.6ms)
  Rendered /usr/local/rvm/gems/ruby-2.4.0/gems/actionpack-5.0.4/lib/action_dispatch/middleware/templates/rescues/routing_error.html.erb within rescues/layout (50.3ms)
Started GET "/Blog" for 205.118.122.183 at 2017-06-21 17:30:30 +0000
Cannot render console from 205.118.122.183! Allowed networks: 127.0.0.1, ::1, 127.0.0.0/127.255.255.255
  
ActionController::RoutingError (No route matches [GET] "/Blog"):
  
actionpack (5.0.4) lib/action_dispatch/middleware/debug_exceptions.rb:53:in `call'
web-console (3.5.1) lib/web_console/middleware.rb:135:in `call_app'
web-console (3.5.1) lib/web_console/middleware.rb:20:in `block in call'
web-console (3.5.1) lib/web_console/middleware.rb:18:in `catch'
web-console (3.5.1) lib/web_console/middleware.rb:18:in `call'
actionpack (5.0.4) lib/action_dispatch/middleware/show_exceptions.rb:31:in `call'
railties (5.0.4) lib/rails/rack/logger.rb:36:in `call_app'
railties (5.0.4) lib/rails/rack/logger.rb:24:in `block in call'
activesupport (5.0.4) lib/active_support/tagged_logging.rb:69:in `block in tagged'
activesupport (5.0.4) lib/active_support/tagged_logging.rb:26:in `tagged'
activesupport (5.0.4) lib/active_support/tagged_logging.rb:69:in `tagged'
railties (5.0.4) lib/rails/rack/logger.rb:24:in `call'
sprockets-rails (3.2.0) lib/sprockets/rails/quiet_assets.rb:13:in `call'
actionpack (5.0.4) lib/action_dispatch/middleware/request_id.rb:24:in `call'
rack (2.0.3) lib/rack/method_override.rb:22:in `call'
rack (2.0.3) lib/rack/runtime.rb:22:in `call'
activesupport (5.0.4) lib/active_support/cache/strategy/local_cache_middleware.rb:28:in `call'
actionpack (5.0.4) lib/action_dispatch/middleware/executor.rb:12:in `call'
actionpack (5.0.4) lib/action_dispatch/middleware/static.rb:136:in `call'
rack (2.0.3) lib/rack/sendfile.rb:111:in `call'
railties (5.0.4) lib/rails/engine.rb:522:in `call'
puma (3.9.1) lib/puma/configuration.rb:224:in `call'
puma (3.9.1) lib/puma/server.rb:602:in `handle_request'
puma (3.9.1) lib/puma/server.rb:435:in `process_client'
puma (3.9.1) lib/puma/server.rb:299:in `block in run'
puma (3.9.1) lib/puma/thread_pool.rb:120:in `block in spawn_thread'
  Rendering /usr/local/rvm/gems/ruby-2.4.0/gems/actionpack-5.0.4/lib/action_dispatch/middleware/templates/rescues/routing_error.html.erb within rescues/layout
  Rendering /usr/local/rvm/gems/ruby-2.4.0/gems/actionpack-5.0.4/lib/action_dispatch/middleware/templates/rescues/_trace.html.erb
  Rendered /usr/local/rvm/gems/ruby-2.4.0/gems/actionpack-5.0.4/lib/action_dispatch/middleware/templates/rescues/_trace.html.erb (1.0ms)
  Rendered collection of /usr/local/rvm/gems/ruby-2.4.0/gems/actionpack-5.0.4/lib/action_dispatch/middleware/templates/routes/_route.html.erb [24 times] (7.1ms)
  Rendered /usr/local/rvm/gems/ruby-2.4.0/gems/actionpack-5.0.4/lib/action_dispatch/middleware/templates/routes/_table.html.erb (1.0ms)
  Rendering /usr/local/rvm/gems/ruby-2.4.0/gems/actionpack-5.0.4/lib/action_dispatch/middleware/templates/rescues/_request_and_response.html.erb
  Rendered /usr/local/rvm/gems/ruby-2.4.0/gems/actionpack-5.0.4/lib/action_dispatch/middleware/templates/rescues/_request_and_response.html.erb (1.0ms)
  Rendered /usr/local/rvm/gems/ruby-2.4.0/gems/actionpack-5.0.4/lib/action_dispatch/middleware/templates/rescues/routing_error.html.erb within rescues/layout (35.5ms)
Started GET "/Blogs" for 205.118.122.183 at 2017-06-21 17:30:34 +0000
Cannot render console from 205.118.122.183! Allowed networks: 127.0.0.1, ::1, 127.0.0.0/127.255.255.255
  
ActionController::RoutingError (No route matches [GET] "/Blogs"):
  
actionpack (5.0.4) lib/action_dispatch/middleware/debug_exceptions.rb:53:in `call'
web-console (3.5.1) lib/web_console/middleware.rb:135:in `call_app'
web-console (3.5.1) lib/web_console/middleware.rb:20:in `block in call'
web-console (3.5.1) lib/web_console/middleware.rb:18:in `catch'
web-console (3.5.1) lib/web_console/middleware.rb:18:in `call'
actionpack (5.0.4) lib/action_dispatch/middleware/show_exceptions.rb:31:in `call'
railties (5.0.4) lib/rails/rack/logger.rb:36:in `call_app'
railties (5.0.4) lib/rails/rack/logger.rb:24:in `block in call'
activesupport (5.0.4) lib/active_support/tagged_logging.rb:69:in `block in tagged'
activesupport (5.0.4) lib/active_support/tagged_logging.rb:26:in `tagged'
activesupport (5.0.4) lib/active_support/tagged_logging.rb:69:in `tagged'
railties (5.0.4) lib/rails/rack/logger.rb:24:in `call'
sprockets-rails (3.2.0) lib/sprockets/rails/quiet_assets.rb:13:in `call'
actionpack (5.0.4) lib/action_dispatch/middleware/request_id.rb:24:in `call'
rack (2.0.3) lib/rack/method_override.rb:22:in `call'
rack (2.0.3) lib/rack/runtime.rb:22:in `call'
activesupport (5.0.4) lib/active_support/cache/strategy/local_cache_middleware.rb:28:in `call'
actionpack (5.0.4) lib/action_dispatch/middleware/executor.rb:12:in `call'
actionpack (5.0.4) lib/action_dispatch/middleware/static.rb:136:in `call'
rack (2.0.3) lib/rack/sendfile.rb:111:in `call'
railties (5.0.4) lib/rails/engine.rb:522:in `call'
puma (3.9.1) lib/puma/configuration.rb:224:in `call'
puma (3.9.1) lib/puma/server.rb:602:in `handle_request'
puma (3.9.1) lib/puma/server.rb:435:in `process_client'
puma (3.9.1) lib/puma/server.rb:299:in `block in run'
puma (3.9.1) lib/puma/thread_pool.rb:120:in `block in spawn_thread'
  Rendering /usr/local/rvm/gems/ruby-2.4.0/gems/actionpack-5.0.4/lib/action_dispatch/middleware/templates/rescues/routing_error.html.erb within rescues/layout
  Rendering /usr/local/rvm/gems/ruby-2.4.0/gems/actionpack-5.0.4/lib/action_dispatch/middleware/templates/rescues/_trace.html.erb
  Rendered /usr/local/rvm/gems/ruby-2.4.0/gems/actionpack-5.0.4/lib/action_dispatch/middleware/templates/rescues/_trace.html.erb (1.4ms)
  Rendered collection of /usr/local/rvm/gems/ruby-2.4.0/gems/actionpack-5.0.4/lib/action_dispatch/middleware/templates/routes/_route.html.erb [24 times] (8.3ms)
  Rendered /usr/local/rvm/gems/ruby-2.4.0/gems/actionpack-5.0.4/lib/action_dispatch/middleware/templates/routes/_table.html.erb (1.3ms)
  Rendering /usr/local/rvm/gems/ruby-2.4.0/gems/actionpack-5.0.4/lib/action_dispatch/middleware/templates/rescues/_request_and_response.html.erb
  Rendered /usr/local/rvm/gems/ruby-2.4.0/gems/actionpack-5.0.4/lib/action_dispatch/middleware/templates/rescues/_request_and_response.html.erb (1.3ms)
  Rendered /usr/local/rvm/gems/ruby-2.4.0/gems/actionpack-5.0.4/lib/action_dispatch/middleware/templates/rescues/routing_error.html.erb within rescues/layout (43.5ms)
Started GET "/" for 205.118.122.183 at 2017-06-21 17:35:59 +0000
Cannot render console from 205.118.122.183! Allowed networks: 127.0.0.1, ::1, 127.0.0.0/127.255.255.255
Processing by Rails::WelcomeController#index as HTML
  Parameters: {"internal"=>true}
  Rendering /usr/local/rvm/gems/ruby-2.4.0/gems/railties-5.0.4/lib/rails/templates/rails/welcome/index.html.erb
  Rendered /usr/local/rvm/gems/ruby-2.4.0/gems/railties-5.0.4/lib/rails/templates/rails/welcome/index.html.erb (2.0ms)
Completed 200 OK in 11ms (Views: 3.5ms | ActiveRecord: 0.0ms)


Started GET "/blogs" for 205.118.122.183 at 2017-06-21 17:36:07 +0000
Cannot render console from 205.118.122.183! Allowed networks: 127.0.0.1, ::1, 127.0.0.0/127.255.255.255
Processing by BlogsController#index as HTML
  Rendering blogs/index.html.erb within layouts/application
  [1m[36mBlog Load (0.2ms)[0m  [1m[34mSELECT "blogs".* FROM "blogs"[0m
  Rendered blogs/index.html.erb within layouts/application (2.5ms)
Completed 200 OK in 53ms (Views: 43.6ms | ActiveRecord: 0.5ms)


  [1m[36mActiveRecord::SchemaMigration Load (0.3ms)[0m  [1m[34mSELECT "schema_migrations".* FROM "schema_migrations"[0m
Migrating to CreateGuides (20170621173741)
  [1m[35m (0.1ms)[0m  [1m[36mbegin transaction[0m
  [1m[35m (1.4ms)[0m  [1m[35mCREATE TABLE "guides" ("id" INTEGER PRIMARY KEY AUTOINCREMENT NOT NULL, "title" varchar, "body" text, "created_at" datetime NOT NULL, "updated_at" datetime NOT NULL)[0m
  [1m[35mSQL (0.2ms)[0m  [1m[32mINSERT INTO "schema_migrations" ("version") VALUES (?)[0m  [["version", "20170621173741"]]
  [1m[35m (14.4ms)[0m  [1m[36mcommit transaction[0m
  [1m[36mActiveRecord::InternalMetadata Load (0.2ms)[0m  [1m[34mSELECT  "ar_internal_metadata".* FROM "ar_internal_metadata" WHERE "ar_internal_metadata"."key" = ? LIMIT ?[0m  [["key", "environment"], ["LIMIT", 1]]
  [1m[35m (0.1ms)[0m  [1m[36mbegin transaction[0m
  [1m[35m (0.1ms)[0m  [1m[36mcommit transaction[0m
  [1m[36mActiveRecord::SchemaMigration Load (0.1ms)[0m  [1m[34mSELECT "schema_migrations".* FROM "schema_migrations"[0m
Started GET "/" for 205.118.122.183 at 2017-06-21 17:39:30 +0000
Cannot render console from 205.118.122.183! Allowed networks: 127.0.0.1, ::1, 127.0.0.0/127.255.255.255
  [1m[36mActiveRecord::SchemaMigration Load (0.3ms)[0m  [1m[34mSELECT "schema_migrations".* FROM "schema_migrations"[0m
Processing by Rails::WelcomeController#index as HTML
  Parameters: {"internal"=>true}
  Rendering /usr/local/rvm/gems/ruby-2.4.0/gems/railties-5.0.4/lib/rails/templates/rails/welcome/index.html.erb
  Rendered /usr/local/rvm/gems/ruby-2.4.0/gems/railties-5.0.4/lib/rails/templates/rails/welcome/index.html.erb (4.9ms)
Completed 200 OK in 31ms (Views: 14.8ms | ActiveRecord: 0.0ms)


Started GET "/blogs" for 205.118.122.183 at 2017-06-21 17:39:38 +0000
Cannot render console from 205.118.122.183! Allowed networks: 127.0.0.1, ::1, 127.0.0.0/127.255.255.255
Processing by BlogsController#index as HTML
  Rendering blogs/index.html.erb within layouts/application
  [1m[36mBlog Load (0.6ms)[0m  [1m[34mSELECT "blogs".* FROM "blogs"[0m
  Rendered blogs/index.html.erb within layouts/application (9.0ms)
Completed 200 OK in 452ms (Views: 442.7ms | ActiveRecord: 1.0ms)


Started GET "/blogs" for 205.118.122.183 at 2017-06-21 17:39:41 +0000
Cannot render console from 205.118.122.183! Allowed networks: 127.0.0.1, ::1, 127.0.0.0/127.255.255.255
Processing by BlogsController#index as HTML
  Rendering blogs/index.html.erb within layouts/application
  [1m[36mBlog Load (0.3ms)[0m  [1m[34mSELECT "blogs".* FROM "blogs"[0m
  Rendered blogs/index.html.erb within layouts/application (2.2ms)
Completed 200 OK in 29ms (Views: 26.8ms | ActiveRecord: 0.3ms)


Started GET "/blogs/new" for 205.118.122.183 at 2017-06-21 17:39:43 +0000
Cannot render console from 205.118.122.183! Allowed networks: 127.0.0.1, ::1, 127.0.0.0/127.255.255.255
Processing by BlogsController#new as HTML
  Rendering blogs/new.html.erb within layouts/application
  Rendered blogs/_form.html.erb (44.8ms)
  Rendered blogs/new.html.erb within layouts/application (46.9ms)
Completed 200 OK in 204ms (Views: 195.0ms | ActiveRecord: 0.7ms)


Started POST "/blogs" for 205.118.122.183 at 2017-06-21 17:39:55 +0000
Cannot render console from 205.118.122.183! Allowed networks: 127.0.0.1, ::1, 127.0.0.0/127.255.255.255
Processing by BlogsController#create as HTML
  Parameters: {"utf8"=>"✓", "authenticity_token"=>"huvAktuUo228Z0kP7uNpfuMeF1mkSAS0mhbnGrV5UV2vXyE8y2HzUqRprQhaQONimLNBwiRWs5ShrD4MjNK0kw==", "blog"=>{"title"=>"Megs", "body"=>"geagh"}, "commit"=>"Create Blog"}
  [1m[35m (0.1ms)[0m  [1m[36mbegin transaction[0m
  [1m[35mSQL (0.8ms)[0m  [1m[32mINSERT INTO "blogs" ("title", "body", "created_at", "updated_at") VALUES (?, ?, ?, ?)[0m  [["title", "Megs"], ["body", "geagh"], ["created_at", "2017-06-21 17:39:55.816433"], ["updated_at", "2017-06-21 17:39:55.816433"]]
  [1m[35m (19.0ms)[0m  [1m[36mcommit transaction[0m
Redirected to https://caseylb-jemapplecasey.c9users.io/blogs/1
Completed 302 Found in 27ms (ActiveRecord: 19.9ms)


Started GET "/blogs/1" for 205.118.122.183 at 2017-06-21 17:39:56 +0000
Cannot render console from 205.118.122.183! Allowed networks: 127.0.0.1, ::1, 127.0.0.0/127.255.255.255
Processing by BlogsController#show as HTML
  Parameters: {"id"=>"1"}
  [1m[36mBlog Load (0.4ms)[0m  [1m[34mSELECT  "blogs".* FROM "blogs" WHERE "blogs"."id" = ? LIMIT ?[0m  [["id", 1], ["LIMIT", 1]]
  Rendering blogs/show.html.erb within layouts/application
  Rendered blogs/show.html.erb within layouts/application (1.2ms)
Completed 200 OK in 32ms (Views: 24.2ms | ActiveRecord: 0.4ms)


Started GET "/blogs/1" for 205.118.122.183 at 2017-06-21 17:43:51 +0000
Cannot render console from 205.118.122.183! Allowed networks: 127.0.0.1, ::1, 127.0.0.0/127.255.255.255
Processing by BlogsController#show as HTML
  Parameters: {"id"=>"1"}
  [1m[36mBlog Load (0.3ms)[0m  [1m[34mSELECT  "blogs".* FROM "blogs" WHERE "blogs"."id" = ? LIMIT ?[0m  [["id", 1], ["LIMIT", 1]]
  Rendering blogs/show.html.erb within layouts/application
  Rendered blogs/show.html.erb within layouts/application (1.2ms)
Completed 200 OK in 189ms (Views: 187.0ms | ActiveRecord: 0.3ms)


Started GET "/blogs" for 205.118.122.183 at 2017-06-21 17:47:12 +0000
Cannot render console from 205.118.122.183! Allowed networks: 127.0.0.1, ::1, 127.0.0.0/127.255.255.255
Processing by BlogsController#index as HTML
  Rendering blogs/index.html.erb within layouts/application
  [1m[36mBlog Load (0.3ms)[0m  [1m[34mSELECT "blogs".* FROM "blogs"[0m
  Rendered blogs/index.html.erb within layouts/application (3.0ms)
Completed 200 OK in 92ms (Views: 90.3ms | ActiveRecord: 0.3ms)


Started GET "/blogs/new" for 205.118.122.183 at 2017-06-21 17:47:13 +0000
Cannot render console from 205.118.122.183! Allowed networks: 127.0.0.1, ::1, 127.0.0.0/127.255.255.255
Processing by BlogsController#new as HTML
  Rendering blogs/new.html.erb within layouts/application
  Rendered blogs/_form.html.erb (2.9ms)
  Rendered blogs/new.html.erb within layouts/application (4.5ms)
Completed 200 OK in 37ms (Views: 35.6ms | ActiveRecord: 0.0ms)


Started POST "/blogs" for 205.118.122.183 at 2017-06-21 17:47:16 +0000
Cannot render console from 205.118.122.183! Allowed networks: 127.0.0.1, ::1, 127.0.0.0/127.255.255.255
Processing by BlogsController#create as HTML
  Parameters: {"utf8"=>"✓", "authenticity_token"=>"px/SWm8h3myx+iwJcCRjthHNXTznrO2Z4yipNzLcJdeOqzP0f9SOU6n0yA7Eh+mqamALp2eyWrnYknAhC3fAGQ==", "blog"=>{"title"=>"svd", "body"=>"d"}, "commit"=>"Create Blog"}
  [1m[35m (0.1ms)[0m  [1m[36mbegin transaction[0m
  [1m[35mSQL (0.3ms)[0m  [1m[32mINSERT INTO "blogs" ("title", "body", "created_at", "updated_at") VALUES (?, ?, ?, ?)[0m  [["title", "svd"], ["body", "d"], ["created_at", "2017-06-21 17:47:16.982744"], ["updated_at", "2017-06-21 17:47:16.982744"]]
  [1m[35m (18.4ms)[0m  [1m[36mcommit transaction[0m
Redirected to https://caseylb-jemapplecasey.c9users.io/blogs/2
Completed 302 Found in 25ms (ActiveRecord: 18.8ms)


Started GET "/blogs/2" for 205.118.122.183 at 2017-06-21 17:47:17 +0000
Cannot render console from 205.118.122.183! Allowed networks: 127.0.0.1, ::1, 127.0.0.0/127.255.255.255
Processing by BlogsController#show as HTML
  Parameters: {"id"=>"2"}
  [1m[36mBlog Load (0.2ms)[0m  [1m[34mSELECT  "blogs".* FROM "blogs" WHERE "blogs"."id" = ? LIMIT ?[0m  [["id", 2], ["LIMIT", 1]]
  Rendering blogs/show.html.erb within layouts/application
  Rendered blogs/show.html.erb within layouts/application (1.1ms)
Completed 200 OK in 34ms (Views: 30.8ms | ActiveRecord: 0.2ms)


Started GET "/blogs" for 205.118.122.183 at 2017-06-21 17:47:20 +0000
Cannot render console from 205.118.122.183! Allowed networks: 127.0.0.1, ::1, 127.0.0.0/127.255.255.255
Processing by BlogsController#index as HTML
  Rendering blogs/index.html.erb within layouts/application
  [1m[36mBlog Load (0.2ms)[0m  [1m[34mSELECT "blogs".* FROM "blogs"[0m
  Rendered blogs/index.html.erb within layouts/application (2.2ms)
Completed 200 OK in 24ms (Views: 22.8ms | ActiveRecord: 0.2ms)


Started GET "/blogs" for 205.118.122.183 at 2017-06-21 17:53:10 +0000
Cannot render console from 205.118.122.183! Allowed networks: 127.0.0.1, ::1, 127.0.0.0/127.255.255.255
Processing by BlogsController#index as HTML
  Rendering blogs/index.html.erb within layouts/application
  [1m[36mBlog Load (0.2ms)[0m  [1m[34mSELECT "blogs".* FROM "blogs"[0m
  Rendered blogs/index.html.erb within layouts/application (2.1ms)
Completed 200 OK in 22ms (Views: 20.8ms | ActiveRecord: 0.2ms)


Started GET "/blogs" for 205.118.122.183 at 2017-06-21 17:53:18 +0000
Cannot render console from 205.118.122.183! Allowed networks: 127.0.0.1, ::1, 127.0.0.0/127.255.255.255
Processing by BlogsController#index as HTML
  Rendering blogs/index.html.erb within layouts/application
  [1m[36mBlog Load (0.3ms)[0m  [1m[34mSELECT "blogs".* FROM "blogs"[0m
  Rendered blogs/index.html.erb within layouts/application (3.2ms)
Completed 200 OK in 35ms (Views: 32.7ms | ActiveRecord: 0.3ms)


  [1m[36mActiveRecord::SchemaMigration Load (0.2ms)[0m  [1m[34mSELECT "schema_migrations".* FROM "schema_migrations"[0m
Migrating to CreateCategories (20170621175424)
  [1m[35m (0.1ms)[0m  [1m[36mbegin transaction[0m
  [1m[35m (1.2ms)[0m  [1m[35mCREATE TABLE "categories" ("id" INTEGER PRIMARY KEY AUTOINCREMENT NOT NULL, "title" varchar, "description" text, "created_at" datetime NOT NULL, "updated_at" datetime NOT NULL)[0m
  [1m[35mSQL (0.1ms)[0m  [1m[32mINSERT INTO "schema_migrations" ("version") VALUES (?)[0m  [["version", "20170621175424"]]
  [1m[35m (12.4ms)[0m  [1m[36mcommit transaction[0m
  [1m[36mActiveRecord::InternalMetadata Load (0.2ms)[0m  [1m[34mSELECT  "ar_internal_metadata".* FROM "ar_internal_metadata" WHERE "ar_internal_metadata"."key" = ? LIMIT ?[0m  [["key", "environment"], ["LIMIT", 1]]
  [1m[35m (0.1ms)[0m  [1m[36mbegin transaction[0m
  [1m[35m (0.0ms)[0m  [1m[36mcommit transaction[0m
  [1m[36mActiveRecord::SchemaMigration Load (0.1ms)[0m  [1m[34mSELECT "schema_migrations".* FROM "schema_migrations"[0m
Started GET "/blogs" for 205.118.122.183 at 2017-06-21 17:54:59 +0000
Cannot render console from 205.118.122.183! Allowed networks: 127.0.0.1, ::1, 127.0.0.0/127.255.255.255
  [1m[36mActiveRecord::SchemaMigration Load (0.2ms)[0m  [1m[34mSELECT "schema_migrations".* FROM "schema_migrations"[0m
Processing by BlogsController#index as HTML
  Rendering blogs/index.html.erb within layouts/application
  [1m[36mBlog Load (0.2ms)[0m  [1m[34mSELECT "blogs".* FROM "blogs"[0m
  Rendered blogs/index.html.erb within layouts/application (14.2ms)
Completed 200 OK in 530ms (Views: 510.2ms | ActiveRecord: 1.0ms)


Started GET "/categories" for 205.118.122.183 at 2017-06-21 17:55:20 +0000
Cannot render console from 205.118.122.183! Allowed networks: 127.0.0.1, ::1, 127.0.0.0/127.255.255.255
Processing by CategoriesController#index as HTML
  Rendering categories/index.html.erb within layouts/application
  [1m[36mCategory Load (0.3ms)[0m  [1m[34mSELECT "categories".* FROM "categories"[0m
  Rendered categories/index.html.erb within layouts/application (2.5ms)
Completed 200 OK in 26ms (Views: 19.9ms | ActiveRecord: 0.6ms)


Started GET "/categories" for 205.118.122.183 at 2017-06-21 17:55:35 +0000
Cannot render console from 205.118.122.183! Allowed networks: 127.0.0.1, ::1, 127.0.0.0/127.255.255.255
Processing by CategoriesController#index as HTML
  Rendering categories/index.html.erb within layouts/application
  [1m[36mCategory Load (0.2ms)[0m  [1m[34mSELECT "categories".* FROM "categories"[0m
  Rendered categories/index.html.erb within layouts/application (1.4ms)
Completed 200 OK in 20ms (Views: 19.0ms | ActiveRecord: 0.2ms)


Started GET "/categories" for 205.118.122.183 at 2017-06-21 17:55:48 +0000
Cannot render console from 205.118.122.183! Allowed networks: 127.0.0.1, ::1, 127.0.0.0/127.255.255.255
Processing by CategoriesController#index as HTML
  Rendering categories/index.html.erb within layouts/application
  [1m[36mCategory Load (0.3ms)[0m  [1m[34mSELECT "categories".* FROM "categories"[0m
  Rendered categories/index.html.erb within layouts/application (3.5ms)
Completed 200 OK in 28ms (Views: 26.5ms | ActiveRecord: 0.3ms)


  [1m[36mActiveRecord::SchemaMigration Load (0.3ms)[0m  [1m[34mSELECT "schema_migrations".* FROM "schema_migrations"[0m
  [1m[36mActiveRecord::InternalMetadata Load (0.3ms)[0m  [1m[34mSELECT  "ar_internal_metadata".* FROM "ar_internal_metadata" WHERE "ar_internal_metadata"."key" = ? LIMIT ?[0m  [["key", "environment"], ["LIMIT", 1]]
  [1m[35m (0.1ms)[0m  [1m[36mbegin transaction[0m
  [1m[35m (0.1ms)[0m  [1m[36mcommit transaction[0m
  [1m[36mActiveRecord::SchemaMigration Load (0.1ms)[0m  [1m[34mSELECT "schema_migrations".* FROM "schema_migrations"[0m
Started GET "/categories" for 205.118.122.183 at 2017-06-21 17:56:09 +0000
Cannot render console from 205.118.122.183! Allowed networks: 127.0.0.1, ::1, 127.0.0.0/127.255.255.255
  [1m[36mActiveRecord::SchemaMigration Load (0.2ms)[0m  [1m[34mSELECT "schema_migrations".* FROM "schema_migrations"[0m
Processing by CategoriesController#index as HTML
  Rendering categories/index.html.erb within layouts/application
  [1m[36mCategory Load (0.2ms)[0m  [1m[34mSELECT "categories".* FROM "categories"[0m
  Rendered categories/index.html.erb within layouts/application (6.0ms)
Completed 200 OK in 318ms (Views: 301.6ms | ActiveRecord: 0.4ms)


